2021-05-13 16:19:29.727  INFO 9492 --- [restartedMain] o.blakeexam.BlakeExamApplication         : Starting BlakeExamApplication on DESKTOP-TQQJQN0 with PID 9492 (started by xiong in E:\IntelliJ IDEA\project\blake-exam)
2021-05-13 16:19:29.746  INFO 9492 --- [restartedMain] o.blakeexam.BlakeExamApplication         : No active profile set, falling back to default profiles: default
2021-05-13 16:19:29.816  INFO 9492 --- [restartedMain] ConfigServletWebServerApplicationContext : Refreshing org.springframework.boot.web.servlet.context.AnnotationConfigServletWebServerApplicationContext@571e30a8: startup date [Thu May 13 16:19:29 CST 2021]; root of context hierarchy
2021-05-13 16:19:32.747  INFO 9492 --- [restartedMain] .s.d.r.c.RepositoryConfigurationDelegate : Multiple Spring Data modules found, entering strict repository configuration mode!
2021-05-13 16:19:33.483  INFO 9492 --- [restartedMain] trationDelegate$BeanPostProcessorChecker : Bean 'org.springframework.transaction.annotation.ProxyTransactionManagementConfiguration' of type [org.springframework.transaction.annotation.ProxyTransactionManagementConfiguration$$EnhancerBySpringCGLIB$$3d362801] is not eligible for getting processed by all BeanPostProcessors (for example: not eligible for auto-proxying)
2021-05-13 16:19:33.949  INFO 9492 --- [restartedMain] o.s.b.w.embedded.tomcat.TomcatWebServer  : Tomcat initialized with port(s): 8080 (http)
2021-05-13 16:19:33.984  INFO 9492 --- [restartedMain] o.apache.catalina.core.StandardService   : Starting service [Tomcat]
2021-05-13 16:19:33.984  INFO 9492 --- [restartedMain] org.apache.catalina.core.StandardEngine  : Starting Servlet Engine: Apache Tomcat/8.5.28
2021-05-13 16:19:33.992  INFO 9492 --- [localhost-startStop-1] o.a.catalina.core.AprLifecycleListener   : The APR based Apache Tomcat Native library which allows optimal performance in production environments was not found on the java.library.path: [C:\Program Files\Java\jdk1.8.0_131\bin;C:\WINDOWS\Sun\Java\bin;C:\WINDOWS\system32;C:\WINDOWS;F:\app\xiong\product\11.2.0\dbhome_1\bin;C:\WINDOWS\system32;C:\WINDOWS;C:\WINDOWS\System32\Wbem;C:\WINDOWS\System32\WindowsPowerShell\v1.0\;C:\WINDOWS\System32\OpenSSH\;C:\Program Files (x86)\Microsoft SQL Server\100\Tools\Binn\;C:\Program Files\Microsoft SQL Server\100\Tools\Binn\;C:\Program Files\Microsoft SQL Server\100\DTS\Binn\;C:\Program Files (x86)\Microsoft SQL Server\100\Tools\Binn\VSShell\Common7\IDE\;C:\Program Files (x86)\Microsoft SQL Server\100\DTS\Binn\;E:\maven\apache-maven-3.6.3\bin;E:\VisualSVN Server 3.5.6\bin;E:\TortoisesSVN\bin;C:\Program Files\Git\cmd;C:\Program Files\TortoiseGit\bin;E:\Xshell\;E:\node\;C:\Program Files\Java\jdk1.8.0_131\bin;;C:\Users\xiong\AppData\Local\Microsoft\WindowsApps;E:\VMware\SSH Secure Shell Client-3.2.9;C:\Users\xiong\AppData\Roaming\npm;.]
2021-05-13 16:19:34.184  INFO 9492 --- [localhost-startStop-1] o.a.c.c.C.[Tomcat].[localhost].[/]       : Initializing Spring embedded WebApplicationContext
2021-05-13 16:19:34.185  INFO 9492 --- [localhost-startStop-1] o.s.web.context.ContextLoader            : Root WebApplicationContext: initialization completed in 4369 ms
2021-05-13 16:19:34.810  INFO 9492 --- [localhost-startStop-1] o.s.b.w.servlet.FilterRegistrationBean   : Mapping filter: 'characterEncodingFilter' to: [/*]
2021-05-13 16:19:34.811  INFO 9492 --- [localhost-startStop-1] o.s.b.w.servlet.FilterRegistrationBean   : Mapping filter: 'sessionRepositoryFilter' to: [/*]
2021-05-13 16:19:34.811  INFO 9492 --- [localhost-startStop-1] o.s.b.w.servlet.FilterRegistrationBean   : Mapping filter: 'hiddenHttpMethodFilter' to: [/*]
2021-05-13 16:19:34.811  INFO 9492 --- [localhost-startStop-1] o.s.b.w.servlet.FilterRegistrationBean   : Mapping filter: 'httpPutFormContentFilter' to: [/*]
2021-05-13 16:19:34.811  INFO 9492 --- [localhost-startStop-1] o.s.b.w.servlet.FilterRegistrationBean   : Mapping filter: 'requestContextFilter' to: [/*]
2021-05-13 16:19:34.811  INFO 9492 --- [localhost-startStop-1] o.s.b.w.servlet.ServletRegistrationBean  : Servlet dispatcherServlet mapped to [/]
2021-05-13 16:19:34.993  INFO 9492 --- [restartedMain] com.mchange.v2.log.MLog                  : MLog clients using java 1.4+ standard logging.
2021-05-13 16:19:35.014  INFO 9492 --- [restartedMain] com.mchange.v2.c3p0.C3P0Registry         : Initializing c3p0-0.9.1.2 [built 21-May-2007 15:04:56; debug? true; trace: 10]
2021-05-13 16:19:35.764  INFO 9492 --- [restartedMain] io.lettuce.core.EpollProvider            : Starting without optional epoll library
2021-05-13 16:19:35.766  INFO 9492 --- [restartedMain] io.lettuce.core.KqueueProvider           : Starting without optional kqueue library
2021-05-13 16:19:37.156  INFO 9492 --- [restartedMain] s.w.s.m.m.a.RequestMappingHandlerAdapter : Looking for @ControllerAdvice: org.springframework.boot.web.servlet.context.AnnotationConfigServletWebServerApplicationContext@571e30a8: startup date [Thu May 13 16:19:29 CST 2021]; root of context hierarchy
2021-05-13 16:19:37.227  INFO 9492 --- [restartedMain] s.w.s.m.m.a.RequestMappingHandlerMapping : Mapped "{[/account/profile],methods=[GET]}" onto public java.lang.String onlineexam.blakeexam.controller.AccountController.profile(javax.servlet.http.HttpServletRequest,org.springframework.ui.Model)
2021-05-13 16:19:37.228  INFO 9492 --- [restartedMain] s.w.s.m.m.a.RequestMappingHandlerMapping : Mapped "{[/account/password],methods=[GET]}" onto public java.lang.String onlineexam.blakeexam.controller.AccountController.password(javax.servlet.http.HttpServletRequest,org.springframework.ui.Model)
2021-05-13 16:19:37.229  INFO 9492 --- [restartedMain] s.w.s.m.m.a.RequestMappingHandlerMapping : Mapped "{[/account/myExam],methods=[GET]}" onto public java.lang.String onlineexam.blakeexam.controller.AccountController.myExam(javax.servlet.http.HttpServletRequest,int,org.springframework.ui.Model)
2021-05-13 16:19:37.229  INFO 9492 --- [restartedMain] s.w.s.m.m.a.RequestMappingHandlerMapping : Mapped "{[/account/api/updateManegeAccount],methods=[POST]}" onto public onlineexam.blakeexam.dto.AjaxResult onlineexam.blakeexam.controller.AccountController.updateAccount(onlineexam.blakeexam.entity.Account)
2021-05-13 16:19:37.230  INFO 9492 --- [restartedMain] s.w.s.m.m.a.RequestMappingHandlerMapping : Mapped "{[/account/api/updateAccount],methods=[POST]}" onto public onlineexam.blakeexam.dto.AjaxResult onlineexam.blakeexam.controller.AccountController.updateAccount(javax.servlet.http.HttpServletRequest,javax.servlet.http.HttpServletResponse)
2021-05-13 16:19:37.230  INFO 9492 --- [restartedMain] s.w.s.m.m.a.RequestMappingHandlerMapping : Mapped "{[/account/logout],methods=[GET]}" onto public java.lang.String onlineexam.blakeexam.controller.AccountController.logout(javax.servlet.http.HttpServletRequest)
2021-05-13 16:19:37.230  INFO 9492 --- [restartedMain] s.w.s.m.m.a.RequestMappingHandlerMapping : Mapped "{[/account/api/updatePassword],methods=[POST]}" onto public onlineexam.blakeexam.dto.AjaxResult onlineexam.blakeexam.controller.AccountController.updatePassword(javax.servlet.http.HttpServletRequest,javax.servlet.http.HttpServletResponse)
2021-05-13 16:19:37.231  INFO 9492 --- [restartedMain] s.w.s.m.m.a.RequestMappingHandlerMapping : Mapped "{[/account/api/login],methods=[POST]}" onto public onlineexam.blakeexam.dto.AjaxResult onlineexam.blakeexam.controller.AccountController.login(javax.servlet.http.HttpServletRequest,javax.servlet.http.HttpServletResponse)
2021-05-13 16:19:37.231  INFO 9492 --- [restartedMain] s.w.s.m.m.a.RequestMappingHandlerMapping : Mapped "{[/account/api/deleteAccount/{id}],methods=[DELETE]}" onto public onlineexam.blakeexam.dto.AjaxResult onlineexam.blakeexam.controller.AccountController.deleteAccount(int)
2021-05-13 16:19:37.231  INFO 9492 --- [restartedMain] s.w.s.m.m.a.RequestMappingHandlerMapping : Mapped "{[/account/api/abledAccount/{id}],methods=[POST]}" onto public onlineexam.blakeexam.dto.AjaxResult onlineexam.blakeexam.controller.AccountController.abledAccount(int)
2021-05-13 16:19:37.232  INFO 9492 --- [restartedMain] s.w.s.m.m.a.RequestMappingHandlerMapping : Mapped "{[/account/api/disabledAccount/{id}],methods=[POST]}" onto public onlineexam.blakeexam.dto.AjaxResult onlineexam.blakeexam.controller.AccountController.disabledAccount(int)
2021-05-13 16:19:37.232  INFO 9492 --- [restartedMain] s.w.s.m.m.a.RequestMappingHandlerMapping : Mapped "{[/account/api/uploadAvatar],methods=[POST]}" onto public java.util.Map<java.lang.String, java.lang.Object> onlineexam.blakeexam.controller.AccountController.uploadAvatar(javax.servlet.http.HttpServletRequest,org.springframework.web.multipart.MultipartFile) throws java.lang.IllegalStateException,java.io.IOException
2021-05-13 16:19:37.233  INFO 9492 --- [restartedMain] s.w.s.m.m.a.RequestMappingHandlerMapping : Mapped "{[/account/export],produces=[application/octet-stream]}" onto public void onlineexam.blakeexam.controller.AccountController.downLoad(javax.servlet.http.HttpServletRequest,javax.servlet.http.HttpServletResponse) throws java.lang.Exception
2021-05-13 16:19:37.233  INFO 9492 --- [restartedMain] s.w.s.m.m.a.RequestMappingHandlerMapping : Mapped "{[/account/api/addAccount],methods=[POST]}" onto public onlineexam.blakeexam.dto.AjaxResult onlineexam.blakeexam.controller.AccountController.addAccount(onlineexam.blakeexam.entity.Account)
2021-05-13 16:19:37.234  INFO 9492 --- [restartedMain] s.w.s.m.m.a.RequestMappingHandlerMapping : Mapped "{[/account/api/addAccounts],methods=[POST]}" onto public onlineexam.blakeexam.dto.AjaxResult onlineexam.blakeexam.controller.AccountController.addAccounts(javax.servlet.http.HttpServletRequest,org.springframework.web.multipart.MultipartFile) throws java.lang.Exception
2021-05-13 16:19:37.237  INFO 9492 --- [restartedMain] s.w.s.m.m.a.RequestMappingHandlerMapping : Mapped "{[/contest/export/{contestId}],produces=[application/octet-stream]}" onto public void onlineexam.blakeexam.controller.ContestController.export(int,javax.servlet.http.HttpServletRequest,javax.servlet.http.HttpServletResponse) throws java.lang.Exception
2021-05-13 16:19:37.237  INFO 9492 --- [restartedMain] s.w.s.m.m.a.RequestMappingHandlerMapping : Mapped "{[/contest/{contestId}/deleteProblem/{id}],methods=[DELETE]}" onto public onlineexam.blakeexam.dto.AjaxResult onlineexam.blakeexam.controller.ContestController.deletePaperProblem(int,int)
2021-05-13 16:19:37.238  INFO 9492 --- [restartedMain] s.w.s.m.m.a.RequestMappingHandlerMapping : Mapped "{[/contest/api/finishContest/{id}],methods=[POST]}" onto public onlineexam.blakeexam.dto.AjaxResult onlineexam.blakeexam.controller.ContestController.finishContest(int)
2021-05-13 16:19:37.238  INFO 9492 --- [restartedMain] s.w.s.m.m.a.RequestMappingHandlerMapping : Mapped "{[/contest/{id}/api/manualPaper],methods=[POST]}" onto public onlineexam.blakeexam.dto.AjaxResult onlineexam.blakeexam.controller.ContestController.manualPaper(int,onlineexam.blakeexam.util.ManulPaper)
2021-05-13 16:19:37.239  INFO 9492 --- [restartedMain] s.w.s.m.m.a.RequestMappingHandlerMapping : Mapped "{[/contest/api/addContest],methods=[POST]}" onto public onlineexam.blakeexam.dto.AjaxResult onlineexam.blakeexam.controller.ContestController.addContest(onlineexam.blakeexam.entity.Contest)
2021-05-13 16:19:37.239  INFO 9492 --- [restartedMain] s.w.s.m.m.a.RequestMappingHandlerMapping : Mapped "{[/contest/api/updateContest],methods=[POST]}" onto public onlineexam.blakeexam.dto.AjaxResult onlineexam.blakeexam.controller.ContestController.updateContest(onlineexam.blakeexam.entity.Contest)
2021-05-13 16:19:37.239  INFO 9492 --- [restartedMain] s.w.s.m.m.a.RequestMappingHandlerMapping : Mapped "{[/contest/api/deleteContest/{id}],methods=[DELETE]}" onto public onlineexam.blakeexam.dto.AjaxResult onlineexam.blakeexam.controller.ContestController.deleteContest(int)
2021-05-13 16:19:37.240  INFO 9492 --- [restartedMain] s.w.s.m.m.a.RequestMappingHandlerMapping : Mapped "{[/contest/{id}/api/autoPaper],methods=[POST]}" onto public onlineexam.blakeexam.dto.AjaxResult onlineexam.blakeexam.controller.ContestController.autoPaper(int,onlineexam.blakeexam.util.AutoPaper)
2021-05-13 16:19:37.242  INFO 9492 --- [restartedMain] s.w.s.m.m.a.RequestMappingHandlerMapping : Mapped "{[/time/now],methods=[GET]}" onto public onlineexam.blakeexam.dto.AjaxResult onlineexam.blakeexam.controller.DefaultController.time()
2021-05-13 16:19:37.242  INFO 9492 --- [restartedMain] s.w.s.m.m.a.RequestMappingHandlerMapping : Mapped "{[/],methods=[GET]}" onto public java.lang.String onlineexam.blakeexam.controller.DefaultController.home(javax.servlet.http.HttpServletRequest,org.springframework.ui.Model)
2021-05-13 16:19:37.242  INFO 9492 --- [restartedMain] s.w.s.m.m.a.RequestMappingHandlerMapping : Mapped "{[/mycontest/joincontest]}" onto public java.lang.String onlineexam.blakeexam.controller.DefaultController.enterContest(javax.servlet.http.HttpServletRequest,int,org.springframework.ui.Model)
2021-05-13 16:19:37.243  INFO 9492 --- [restartedMain] s.w.s.m.m.a.RequestMappingHandlerMapping : Mapped "{[/contest/{contestId}],methods=[GET]}" onto public java.lang.String onlineexam.blakeexam.controller.DefaultController.contestDetail(javax.servlet.http.HttpServletRequest,int,org.springframework.ui.Model)
2021-05-13 16:19:37.243  INFO 9492 --- [restartedMain] s.w.s.m.m.a.RequestMappingHandlerMapping : Mapped "{[/mycontest/list]}" onto public java.lang.String onlineexam.blakeexam.controller.DefaultController.myContest(javax.servlet.http.HttpServletRequest,int,org.springframework.ui.Model)
2021-05-13 16:19:37.244  INFO 9492 --- [restartedMain] s.w.s.m.m.a.RequestMappingHandlerMapping : Mapped "{[/problemset/{problemsetId}/problems],methods=[GET]}" onto public java.lang.String onlineexam.blakeexam.controller.DefaultController.problemList(javax.servlet.http.HttpServletRequest,int,java.lang.String,int,java.lang.Integer,org.springframework.ui.Model)
2021-05-13 16:19:37.245  INFO 9492 --- [restartedMain] s.w.s.m.m.a.RequestMappingHandlerMapping : Mapped "{[/contest/index],methods=[GET]}" onto public java.lang.String onlineexam.blakeexam.controller.DefaultController.contestIndex(javax.servlet.http.HttpServletRequest,int,org.springframework.ui.Model)
2021-05-13 16:19:37.245  INFO 9492 --- [restartedMain] s.w.s.m.m.a.RequestMappingHandlerMapping : Mapped "{[/problemset/{problemsetId}/problem/{problemId}],methods=[GET]}" onto public java.lang.String onlineexam.blakeexam.controller.DefaultController.problemDetail(javax.servlet.http.HttpServletRequest,java.lang.Integer,java.lang.Integer,org.springframework.ui.Model)
2021-05-13 16:19:37.246  INFO 9492 --- [restartedMain] s.w.s.m.m.a.RequestMappingHandlerMapping : Mapped "{[/problemset/list],methods=[GET]}" onto public java.lang.String onlineexam.blakeexam.controller.DefaultController.problemSet(javax.servlet.http.HttpServletRequest,int,org.springframework.ui.Model)
2021-05-13 16:19:37.246  INFO 9492 --- [restartedMain] s.w.s.m.m.a.RequestMappingHandlerMapping : Mapped "{[/uid],methods=[GET]}" onto public onlineexam.blakeexam.dto.AjaxResult onlineexam.blakeexam.controller.DefaultController.uid(javax.servlet.http.HttpSession)
2021-05-13 16:19:37.247  INFO 9492 --- [restartedMain] s.w.s.m.m.a.RequestMappingHandlerMapping : Mapped "{[/grade/api/submitContest],methods=[POST]}" onto public onlineexam.blakeexam.dto.AjaxResult onlineexam.blakeexam.controller.GradeController.submitContest(javax.servlet.http.HttpServletRequest,onlineexam.blakeexam.entity.Grade)
2021-05-13 16:19:37.247  INFO 9492 --- [restartedMain] s.w.s.m.m.a.RequestMappingHandlerMapping : Mapped "{[/grade/api/finishGrade],methods=[POST]}" onto public onlineexam.blakeexam.dto.AjaxResult onlineexam.blakeexam.controller.GradeController.finishGrade(onlineexam.blakeexam.entity.Grade)
2021-05-13 16:19:37.250  INFO 9492 --- [restartedMain] s.w.s.m.m.a.RequestMappingHandlerMapping : Mapped "{[/manage/contest/{contestId}/problems],methods=[GET]}" onto public java.lang.String onlineexam.blakeexam.controller.ManageController.contestProblemList(javax.servlet.http.HttpServletRequest,java.lang.Integer,org.springframework.ui.Model)
2021-05-13 16:19:37.250  INFO 9492 --- [restartedMain] s.w.s.m.m.a.RequestMappingHandlerMapping : Mapped "{[/manage/result/contest/list],methods=[GET]}" onto public java.lang.String onlineexam.blakeexam.controller.ManageController.resultContestList(javax.servlet.http.HttpServletRequest,int,org.springframework.ui.Model)
2021-05-13 16:19:37.251  INFO 9492 --- [restartedMain] s.w.s.m.m.a.RequestMappingHandlerMapping : Mapped "{[/manage/result/contest/{contestId}/list],methods=[GET]}" onto public java.lang.String onlineexam.blakeexam.controller.ManageController.resultStudentList(javax.servlet.http.HttpServletRequest,int,int,org.springframework.ui.Model)
2021-05-13 16:19:37.251  INFO 9492 --- [restartedMain] s.w.s.m.m.a.RequestMappingHandlerMapping : Mapped "{[/manage/login],methods=[GET]}" onto public java.lang.String onlineexam.blakeexam.controller.ManageController.login(javax.servlet.http.HttpServletRequest,org.springframework.ui.Model)
2021-05-13 16:19:37.252  INFO 9492 --- [restartedMain] s.w.s.m.m.a.RequestMappingHandlerMapping : Mapped "{[/manage/question/list],methods=[GET]}" onto public java.lang.String onlineexam.blakeexam.controller.ManageController.questionList(javax.servlet.http.HttpServletRequest,int,java.lang.String,org.springframework.ui.Model)
2021-05-13 16:19:37.252  INFO 9492 --- [restartedMain] s.w.s.m.m.a.RequestMappingHandlerMapping : Mapped "{[/manage/subject/list],methods=[GET]}" onto public java.lang.String onlineexam.blakeexam.controller.ManageController.subjectList(javax.servlet.http.HttpServletRequest,int,org.springframework.ui.Model)
2021-05-13 16:19:37.253  INFO 9492 --- [restartedMain] s.w.s.m.m.a.RequestMappingHandlerMapping : Mapped "{[/manage/account/list],methods=[GET]}" onto public java.lang.String onlineexam.blakeexam.controller.ManageController.accountList(javax.servlet.http.HttpServletRequest,int,org.springframework.ui.Model)
2021-05-13 16:19:37.253  INFO 9492 --- [restartedMain] s.w.s.m.m.a.RequestMappingHandlerMapping : Mapped "{[/manage/contest/{contestId}/paperDetail]}" onto public java.lang.String onlineexam.blakeexam.controller.ManageController.paperDetail(javax.servlet.http.HttpServletRequest,java.lang.Integer,org.springframework.ui.Model)
2021-05-13 16:19:37.254  INFO 9492 --- [restartedMain] s.w.s.m.m.a.RequestMappingHandlerMapping : Mapped "{[/manage/contest/list],methods=[GET]}" onto public java.lang.String onlineexam.blakeexam.controller.ManageController.contestList(javax.servlet.http.HttpServletRequest,int,org.springframework.ui.Model)
2021-05-13 16:19:37.255  INFO 9492 --- [restartedMain] s.w.s.m.m.a.RequestMappingHandlerMapping : Mapped "{[/mycontest/api/join],methods=[POST]}" onto public onlineexam.blakeexam.dto.AjaxResult onlineexam.blakeexam.controller.MyClassController.insertContest(onlineexam.blakeexam.entity.MyClass)
2021-05-13 16:19:37.255  INFO 9492 --- [restartedMain] s.w.s.m.m.a.RequestMappingHandlerMapping : Mapped "{[/mycontest/api/out/{id}],methods=[DELETE]}" onto public onlineexam.blakeexam.dto.AjaxResult onlineexam.blakeexam.controller.MyClassController.deleteMyContest(int)
2021-05-13 16:19:37.256  INFO 9492 --- [restartedMain] s.w.s.m.m.a.RequestMappingHandlerMapping : Mapped "{[/question/export],produces=[application/octet-stream]}" onto public void onlineexam.blakeexam.controller.QuestionController.downLoad(javax.servlet.http.HttpServletRequest,javax.servlet.http.HttpServletResponse) throws java.lang.Exception
2021-05-13 16:19:37.256  INFO 9492 --- [restartedMain] s.w.s.m.m.a.RequestMappingHandlerMapping : Mapped "{[/question/api/deleteQuestion/{id}]}" onto public onlineexam.blakeexam.dto.AjaxResult onlineexam.blakeexam.controller.QuestionController.deleteQuestion(int)
2021-05-13 16:19:37.257  INFO 9492 --- [restartedMain] s.w.s.m.m.a.RequestMappingHandlerMapping : Mapped "{[/question/api/addQuestions],methods=[POST]}" onto public onlineexam.blakeexam.dto.AjaxResult onlineexam.blakeexam.controller.QuestionController.addQuestions(org.springframework.web.multipart.MultipartFile,int)
2021-05-13 16:19:37.257  INFO 9492 --- [restartedMain] s.w.s.m.m.a.RequestMappingHandlerMapping : Mapped "{[/question/api/updateQuestion],methods=[POST]}" onto public onlineexam.blakeexam.dto.AjaxResult onlineexam.blakeexam.controller.QuestionController.updateQuestion(onlineexam.blakeexam.entity.Question)
2021-05-13 16:19:37.257  INFO 9492 --- [restartedMain] s.w.s.m.m.a.RequestMappingHandlerMapping : Mapped "{[/question/api/addQuestion],methods=[POST]}" onto public onlineexam.blakeexam.dto.AjaxResult onlineexam.blakeexam.controller.QuestionController.addQuestion(onlineexam.blakeexam.entity.Question)
2021-05-13 16:19:37.258  INFO 9492 --- [restartedMain] s.w.s.m.m.a.RequestMappingHandlerMapping : Mapped "{[/subject/api/updateSubject],methods=[POST]}" onto public onlineexam.blakeexam.dto.AjaxResult onlineexam.blakeexam.controller.SubjectController.updateSubject(onlineexam.blakeexam.entity.Subject)
2021-05-13 16:19:37.259  INFO 9492 --- [restartedMain] s.w.s.m.m.a.RequestMappingHandlerMapping : Mapped "{[/subject/api/deleteSubject/{id}],methods=[DELETE]}" onto public onlineexam.blakeexam.dto.AjaxResult onlineexam.blakeexam.controller.SubjectController.deleteSubject(int)
2021-05-13 16:19:37.259  INFO 9492 --- [restartedMain] s.w.s.m.m.a.RequestMappingHandlerMapping : Mapped "{[/subject/api/addSubject],methods=[POST]}" onto public onlineexam.blakeexam.dto.AjaxResult onlineexam.blakeexam.controller.SubjectController.addSubject(onlineexam.blakeexam.entity.Subject)
2021-05-13 16:19:37.262  INFO 9492 --- [restartedMain] s.w.s.m.m.a.RequestMappingHandlerMapping : Mapped "{[/error]}" onto public org.springframework.http.ResponseEntity<java.util.Map<java.lang.String, java.lang.Object>> org.springframework.boot.autoconfigure.web.servlet.error.BasicErrorController.error(javax.servlet.http.HttpServletRequest)
2021-05-13 16:19:37.262  INFO 9492 --- [restartedMain] s.w.s.m.m.a.RequestMappingHandlerMapping : Mapped "{[/error],produces=[text/html]}" onto public org.springframework.web.servlet.ModelAndView org.springframework.boot.autoconfigure.web.servlet.error.BasicErrorController.errorHtml(javax.servlet.http.HttpServletRequest,javax.servlet.http.HttpServletResponse)
2021-05-13 16:19:37.302  INFO 9492 --- [restartedMain] o.s.w.s.handler.SimpleUrlHandlerMapping  : Mapped URL path [/upload/**] onto handler of type [class org.springframework.web.servlet.resource.ResourceHttpRequestHandler]
2021-05-13 16:19:37.302  INFO 9492 --- [restartedMain] o.s.w.s.handler.SimpleUrlHandlerMapping  : Mapped URL path [/webjars/**] onto handler of type [class org.springframework.web.servlet.resource.ResourceHttpRequestHandler]
2021-05-13 16:19:37.302  INFO 9492 --- [restartedMain] o.s.w.s.handler.SimpleUrlHandlerMapping  : Mapped URL path [/**] onto handler of type [class org.springframework.web.servlet.resource.ResourceHttpRequestHandler]
2021-05-13 16:19:37.383  INFO 9492 --- [restartedMain] o.s.w.s.handler.SimpleUrlHandlerMapping  : Mapped URL path [/**/favicon.ico] onto handler of type [class org.springframework.web.servlet.resource.ResourceHttpRequestHandler]
2021-05-13 16:19:38.390  INFO 9492 --- [restartedMain] o.s.b.d.a.OptionalLiveReloadServer       : LiveReload server is running on port 35729
2021-05-13 16:19:38.537  INFO 9492 --- [restartedMain] o.s.j.e.a.AnnotationMBeanExporter        : Registering beans for JMX exposure on startup
2021-05-13 16:19:38.547  INFO 9492 --- [restartedMain] o.s.c.support.DefaultLifecycleProcessor  : Starting beans in phase 2147483647
2021-05-13 16:19:38.630  INFO 9492 --- [restartedMain] s.a.ScheduledAnnotationBeanPostProcessor : No TaskScheduler/ScheduledExecutorService bean found for scheduled processing
2021-05-13 16:19:38.692  INFO 9492 --- [restartedMain] o.s.b.w.embedded.tomcat.TomcatWebServer  : Tomcat started on port(s): 8080 (http) with context path ''
2021-05-13 16:19:38.697  INFO 9492 --- [restartedMain] o.blakeexam.BlakeExamApplication         : Started BlakeExamApplication in 9.583 seconds (JVM running for 11.199)
2021-05-13 16:19:51.924  INFO 9492 --- [lettuce-nioEventLoop-4-1] io.lettuce.core.protocol.CommandHandler  : null Unexpected exception during request: java.io.IOException: 远程主机强迫关闭了一个现有的连接。

java.io.IOException: 远程主机强迫关闭了一个现有的连接。
	at sun.nio.ch.SocketDispatcher.read0(Native Method) ~[na:1.8.0_131]
	at sun.nio.ch.SocketDispatcher.read(SocketDispatcher.java:43) ~[na:1.8.0_131]
	at sun.nio.ch.IOUtil.readIntoNativeBuffer(IOUtil.java:223) ~[na:1.8.0_131]
	at sun.nio.ch.IOUtil.read(IOUtil.java:192) ~[na:1.8.0_131]
	at sun.nio.ch.SocketChannelImpl.read(SocketChannelImpl.java:380) ~[na:1.8.0_131]
	at io.netty.buffer.PooledUnsafeDirectByteBuf.setBytes(PooledUnsafeDirectByteBuf.java:288) ~[netty-buffer-4.1.22.Final.jar:4.1.22.Final]
	at io.netty.buffer.AbstractByteBuf.writeBytes(AbstractByteBuf.java:1108) ~[netty-buffer-4.1.22.Final.jar:4.1.22.Final]
	at io.netty.channel.socket.nio.NioSocketChannel.doReadBytes(NioSocketChannel.java:345) ~[netty-transport-4.1.22.Final.jar:4.1.22.Final]
	at io.netty.channel.nio.AbstractNioByteChannel$NioByteUnsafe.read(AbstractNioByteChannel.java:131) ~[netty-transport-4.1.22.Final.jar:4.1.22.Final]
	at io.netty.channel.nio.NioEventLoop.processSelectedKey(NioEventLoop.java:645) [netty-transport-4.1.22.Final.jar:4.1.22.Final]
	at io.netty.channel.nio.NioEventLoop.processSelectedKeysOptimized(NioEventLoop.java:580) [netty-transport-4.1.22.Final.jar:4.1.22.Final]
	at io.netty.channel.nio.NioEventLoop.processSelectedKeys(NioEventLoop.java:497) [netty-transport-4.1.22.Final.jar:4.1.22.Final]
	at io.netty.channel.nio.NioEventLoop.run(NioEventLoop.java:459) [netty-transport-4.1.22.Final.jar:4.1.22.Final]
	at io.netty.util.concurrent.SingleThreadEventExecutor$5.run(SingleThreadEventExecutor.java:886) [netty-common-4.1.22.Final.jar:4.1.22.Final]
	at io.netty.util.concurrent.FastThreadLocalRunnable.run(FastThreadLocalRunnable.java:30) [netty-common-4.1.22.Final.jar:4.1.22.Final]
	at java.lang.Thread.run(Thread.java:748) [na:1.8.0_131]

2021-05-13 16:19:51.924  INFO 9492 --- [lettuce-nioEventLoop-4-2] io.lettuce.core.protocol.CommandHandler  : null Unexpected exception during request: java.io.IOException: 远程主机强迫关闭了一个现有的连接。

java.io.IOException: 远程主机强迫关闭了一个现有的连接。
	at sun.nio.ch.SocketDispatcher.read0(Native Method) ~[na:1.8.0_131]
	at sun.nio.ch.SocketDispatcher.read(SocketDispatcher.java:43) ~[na:1.8.0_131]
	at sun.nio.ch.IOUtil.readIntoNativeBuffer(IOUtil.java:223) ~[na:1.8.0_131]
	at sun.nio.ch.IOUtil.read(IOUtil.java:192) ~[na:1.8.0_131]
	at sun.nio.ch.SocketChannelImpl.read(SocketChannelImpl.java:380) ~[na:1.8.0_131]
	at io.netty.buffer.PooledUnsafeDirectByteBuf.setBytes(PooledUnsafeDirectByteBuf.java:288) ~[netty-buffer-4.1.22.Final.jar:4.1.22.Final]
	at io.netty.buffer.AbstractByteBuf.writeBytes(AbstractByteBuf.java:1108) ~[netty-buffer-4.1.22.Final.jar:4.1.22.Final]
	at io.netty.channel.socket.nio.NioSocketChannel.doReadBytes(NioSocketChannel.java:345) ~[netty-transport-4.1.22.Final.jar:4.1.22.Final]
	at io.netty.channel.nio.AbstractNioByteChannel$NioByteUnsafe.read(AbstractNioByteChannel.java:131) ~[netty-transport-4.1.22.Final.jar:4.1.22.Final]
	at io.netty.channel.nio.NioEventLoop.processSelectedKey(NioEventLoop.java:645) [netty-transport-4.1.22.Final.jar:4.1.22.Final]
	at io.netty.channel.nio.NioEventLoop.processSelectedKeysOptimized(NioEventLoop.java:580) [netty-transport-4.1.22.Final.jar:4.1.22.Final]
	at io.netty.channel.nio.NioEventLoop.processSelectedKeys(NioEventLoop.java:497) [netty-transport-4.1.22.Final.jar:4.1.22.Final]
	at io.netty.channel.nio.NioEventLoop.run(NioEventLoop.java:459) [netty-transport-4.1.22.Final.jar:4.1.22.Final]
	at io.netty.util.concurrent.SingleThreadEventExecutor$5.run(SingleThreadEventExecutor.java:886) [netty-common-4.1.22.Final.jar:4.1.22.Final]
	at io.netty.util.concurrent.FastThreadLocalRunnable.run(FastThreadLocalRunnable.java:30) [netty-common-4.1.22.Final.jar:4.1.22.Final]
	at java.lang.Thread.run(Thread.java:748) [na:1.8.0_131]

2021-05-13 16:19:52.037  INFO 9492 --- [lettuce-eventExecutorLoop-1-1] i.l.core.protocol.ConnectionWatchdog     : Reconnecting, last destination was localhost/127.0.0.1:6379
2021-05-13 16:19:52.037  INFO 9492 --- [lettuce-eventExecutorLoop-1-2] i.l.core.protocol.ConnectionWatchdog     : Reconnecting, last destination was localhost/127.0.0.1:6379
2021-05-13 16:19:58.434  INFO 3968 --- [restartedMain] o.blakeexam.BlakeExamApplication         : Starting BlakeExamApplication on DESKTOP-TQQJQN0 with PID 3968 (started by xiong in E:\IntelliJ IDEA\project\blake-exam)
2021-05-13 16:19:58.437  INFO 3968 --- [restartedMain] o.blakeexam.BlakeExamApplication         : No active profile set, falling back to default profiles: default
2021-05-13 16:19:58.506  INFO 3968 --- [restartedMain] ConfigServletWebServerApplicationContext : Refreshing org.springframework.boot.web.servlet.context.AnnotationConfigServletWebServerApplicationContext@4ccdb92f: startup date [Thu May 13 16:19:58 CST 2021]; root of context hierarchy
2021-05-13 16:19:59.849  INFO 3968 --- [restartedMain] .s.d.r.c.RepositoryConfigurationDelegate : Multiple Spring Data modules found, entering strict repository configuration mode!
2021-05-13 16:20:00.716  INFO 3968 --- [restartedMain] trationDelegate$BeanPostProcessorChecker : Bean 'org.springframework.transaction.annotation.ProxyTransactionManagementConfiguration' of type [org.springframework.transaction.annotation.ProxyTransactionManagementConfiguration$$EnhancerBySpringCGLIB$$13db0248] is not eligible for getting processed by all BeanPostProcessors (for example: not eligible for auto-proxying)
2021-05-13 16:20:01.544  INFO 3968 --- [restartedMain] o.s.b.w.embedded.tomcat.TomcatWebServer  : Tomcat initialized with port(s): 8080 (http)
2021-05-13 16:20:01.592  INFO 3968 --- [restartedMain] o.apache.catalina.core.StandardService   : Starting service [Tomcat]
2021-05-13 16:20:01.593  INFO 3968 --- [restartedMain] org.apache.catalina.core.StandardEngine  : Starting Servlet Engine: Apache Tomcat/8.5.28
2021-05-13 16:20:01.600  INFO 3968 --- [localhost-startStop-1] o.a.catalina.core.AprLifecycleListener   : The APR based Apache Tomcat Native library which allows optimal performance in production environments was not found on the java.library.path: [C:\Program Files\Java\jdk1.8.0_131\bin;C:\WINDOWS\Sun\Java\bin;C:\WINDOWS\system32;C:\WINDOWS;F:\app\xiong\product\11.2.0\dbhome_1\bin;C:\WINDOWS\system32;C:\WINDOWS;C:\WINDOWS\System32\Wbem;C:\WINDOWS\System32\WindowsPowerShell\v1.0\;C:\WINDOWS\System32\OpenSSH\;C:\Program Files (x86)\Microsoft SQL Server\100\Tools\Binn\;C:\Program Files\Microsoft SQL Server\100\Tools\Binn\;C:\Program Files\Microsoft SQL Server\100\DTS\Binn\;C:\Program Files (x86)\Microsoft SQL Server\100\Tools\Binn\VSShell\Common7\IDE\;C:\Program Files (x86)\Microsoft SQL Server\100\DTS\Binn\;E:\maven\apache-maven-3.6.3\bin;E:\VisualSVN Server 3.5.6\bin;E:\TortoisesSVN\bin;C:\Program Files\Git\cmd;C:\Program Files\TortoiseGit\bin;E:\Xshell\;E:\node\;C:\Program Files\Java\jdk1.8.0_131\bin;;C:\Users\xiong\AppData\Local\Microsoft\WindowsApps;E:\VMware\SSH Secure Shell Client-3.2.9;C:\Users\xiong\AppData\Roaming\npm;.]
2021-05-13 16:20:01.837  INFO 3968 --- [localhost-startStop-1] o.a.c.c.C.[Tomcat].[localhost].[/]       : Initializing Spring embedded WebApplicationContext
2021-05-13 16:20:01.838  INFO 3968 --- [localhost-startStop-1] o.s.web.context.ContextLoader            : Root WebApplicationContext: initialization completed in 3332 ms
2021-05-13 16:20:02.711  INFO 3968 --- [localhost-startStop-1] o.s.b.w.servlet.FilterRegistrationBean   : Mapping filter: 'characterEncodingFilter' to: [/*]
2021-05-13 16:20:02.712  INFO 3968 --- [localhost-startStop-1] o.s.b.w.servlet.FilterRegistrationBean   : Mapping filter: 'sessionRepositoryFilter' to: [/*]
2021-05-13 16:20:02.712  INFO 3968 --- [localhost-startStop-1] o.s.b.w.servlet.FilterRegistrationBean   : Mapping filter: 'hiddenHttpMethodFilter' to: [/*]
2021-05-13 16:20:02.712  INFO 3968 --- [localhost-startStop-1] o.s.b.w.servlet.FilterRegistrationBean   : Mapping filter: 'httpPutFormContentFilter' to: [/*]
2021-05-13 16:20:02.712  INFO 3968 --- [localhost-startStop-1] o.s.b.w.servlet.FilterRegistrationBean   : Mapping filter: 'requestContextFilter' to: [/*]
2021-05-13 16:20:02.712  INFO 3968 --- [localhost-startStop-1] o.s.b.w.servlet.ServletRegistrationBean  : Servlet dispatcherServlet mapped to [/]
2021-05-13 16:20:02.889  INFO 3968 --- [restartedMain] com.mchange.v2.log.MLog                  : MLog clients using java 1.4+ standard logging.
2021-05-13 16:20:02.924  INFO 3968 --- [restartedMain] com.mchange.v2.c3p0.C3P0Registry         : Initializing c3p0-0.9.1.2 [built 21-May-2007 15:04:56; debug? true; trace: 10]
2021-05-13 16:20:03.863  INFO 3968 --- [restartedMain] io.lettuce.core.EpollProvider            : Starting without optional epoll library
2021-05-13 16:20:03.867  INFO 3968 --- [restartedMain] io.lettuce.core.KqueueProvider           : Starting without optional kqueue library
2021-05-13 16:20:06.723  WARN 3968 --- [restartedMain] ConfigServletWebServerApplicationContext : Exception encountered during context initialization - cancelling refresh attempt: org.springframework.beans.factory.BeanCreationException: Error creating bean with name 'enableRedisKeyspaceNotificationsInitializer' defined in class path resource [org/springframework/session/data/redis/config/annotation/web/http/RedisHttpSessionConfiguration.class]: Invocation of init method failed; nested exception is org.springframework.data.redis.RedisConnectionFailureException: Unable to connect to Redis; nested exception is io.lettuce.core.RedisConnectionException: Unable to connect to localhost:6379
2021-05-13 16:20:07.869  INFO 3968 --- [restartedMain] o.apache.catalina.core.StandardService   : Stopping service [Tomcat]
2021-05-13 16:21:19.389  INFO 8668 --- [restartedMain] o.blakeexam.BlakeExamApplication         : Starting BlakeExamApplication on DESKTOP-TQQJQN0 with PID 8668 (started by xiong in E:\IntelliJ IDEA\project\blake-exam)
2021-05-13 16:21:19.394  INFO 8668 --- [restartedMain] o.blakeexam.BlakeExamApplication         : No active profile set, falling back to default profiles: default
2021-05-13 16:21:19.464  INFO 8668 --- [restartedMain] ConfigServletWebServerApplicationContext : Refreshing org.springframework.boot.web.servlet.context.AnnotationConfigServletWebServerApplicationContext@69dcb246: startup date [Thu May 13 16:21:19 CST 2021]; root of context hierarchy
2021-05-13 16:21:20.977  INFO 8668 --- [restartedMain] .s.d.r.c.RepositoryConfigurationDelegate : Multiple Spring Data modules found, entering strict repository configuration mode!
2021-05-13 16:21:21.985  INFO 8668 --- [restartedMain] trationDelegate$BeanPostProcessorChecker : Bean 'org.springframework.transaction.annotation.ProxyTransactionManagementConfiguration' of type [org.springframework.transaction.annotation.ProxyTransactionManagementConfiguration$$EnhancerBySpringCGLIB$$17c13ff] is not eligible for getting processed by all BeanPostProcessors (for example: not eligible for auto-proxying)
2021-05-13 16:21:22.606  INFO 8668 --- [restartedMain] o.s.b.w.embedded.tomcat.TomcatWebServer  : Tomcat initialized with port(s): 8080 (http)
2021-05-13 16:21:22.640  INFO 8668 --- [restartedMain] o.apache.catalina.core.StandardService   : Starting service [Tomcat]
2021-05-13 16:21:22.641  INFO 8668 --- [restartedMain] org.apache.catalina.core.StandardEngine  : Starting Servlet Engine: Apache Tomcat/8.5.28
2021-05-13 16:21:22.646  INFO 8668 --- [localhost-startStop-1] o.a.catalina.core.AprLifecycleListener   : The APR based Apache Tomcat Native library which allows optimal performance in production environments was not found on the java.library.path: [C:\Program Files\Java\jdk1.8.0_131\bin;C:\WINDOWS\Sun\Java\bin;C:\WINDOWS\system32;C:\WINDOWS;F:\app\xiong\product\11.2.0\dbhome_1\bin;C:\WINDOWS\system32;C:\WINDOWS;C:\WINDOWS\System32\Wbem;C:\WINDOWS\System32\WindowsPowerShell\v1.0\;C:\WINDOWS\System32\OpenSSH\;C:\Program Files (x86)\Microsoft SQL Server\100\Tools\Binn\;C:\Program Files\Microsoft SQL Server\100\Tools\Binn\;C:\Program Files\Microsoft SQL Server\100\DTS\Binn\;C:\Program Files (x86)\Microsoft SQL Server\100\Tools\Binn\VSShell\Common7\IDE\;C:\Program Files (x86)\Microsoft SQL Server\100\DTS\Binn\;E:\maven\apache-maven-3.6.3\bin;E:\VisualSVN Server 3.5.6\bin;E:\TortoisesSVN\bin;C:\Program Files\Git\cmd;C:\Program Files\TortoiseGit\bin;E:\Xshell\;E:\node\;C:\Program Files\Java\jdk1.8.0_131\bin;;C:\Users\xiong\AppData\Local\Microsoft\WindowsApps;E:\VMware\SSH Secure Shell Client-3.2.9;C:\Users\xiong\AppData\Roaming\npm;.]
2021-05-13 16:21:22.806  INFO 8668 --- [localhost-startStop-1] o.a.c.c.C.[Tomcat].[localhost].[/]       : Initializing Spring embedded WebApplicationContext
2021-05-13 16:21:22.806  INFO 8668 --- [localhost-startStop-1] o.s.web.context.ContextLoader            : Root WebApplicationContext: initialization completed in 3342 ms
2021-05-13 16:21:23.719  INFO 8668 --- [localhost-startStop-1] o.s.b.w.servlet.FilterRegistrationBean   : Mapping filter: 'characterEncodingFilter' to: [/*]
2021-05-13 16:21:23.720  INFO 8668 --- [localhost-startStop-1] o.s.b.w.servlet.FilterRegistrationBean   : Mapping filter: 'sessionRepositoryFilter' to: [/*]
2021-05-13 16:21:23.721  INFO 8668 --- [localhost-startStop-1] o.s.b.w.servlet.FilterRegistrationBean   : Mapping filter: 'hiddenHttpMethodFilter' to: [/*]
2021-05-13 16:21:23.721  INFO 8668 --- [localhost-startStop-1] o.s.b.w.servlet.FilterRegistrationBean   : Mapping filter: 'httpPutFormContentFilter' to: [/*]
2021-05-13 16:21:23.721  INFO 8668 --- [localhost-startStop-1] o.s.b.w.servlet.FilterRegistrationBean   : Mapping filter: 'requestContextFilter' to: [/*]
2021-05-13 16:21:23.721  INFO 8668 --- [localhost-startStop-1] o.s.b.w.servlet.ServletRegistrationBean  : Servlet dispatcherServlet mapped to [/]
2021-05-13 16:21:23.866  INFO 8668 --- [restartedMain] com.mchange.v2.log.MLog                  : MLog clients using java 1.4+ standard logging.
2021-05-13 16:21:23.889  INFO 8668 --- [restartedMain] com.mchange.v2.c3p0.C3P0Registry         : Initializing c3p0-0.9.1.2 [built 21-May-2007 15:04:56; debug? true; trace: 10]
2021-05-13 16:21:25.107  INFO 8668 --- [restartedMain] io.lettuce.core.EpollProvider            : Starting without optional epoll library
2021-05-13 16:21:25.109  INFO 8668 --- [restartedMain] io.lettuce.core.KqueueProvider           : Starting without optional kqueue library
2021-05-13 16:21:28.047  WARN 8668 --- [restartedMain] ConfigServletWebServerApplicationContext : Exception encountered during context initialization - cancelling refresh attempt: org.springframework.beans.factory.BeanCreationException: Error creating bean with name 'enableRedisKeyspaceNotificationsInitializer' defined in class path resource [org/springframework/boot/autoconfigure/session/RedisSessionConfiguration$SpringBootRedisHttpSessionConfiguration.class]: Invocation of init method failed; nested exception is org.springframework.data.redis.RedisConnectionFailureException: Unable to connect to Redis; nested exception is io.lettuce.core.RedisConnectionException: Unable to connect to localhost:6379
2021-05-13 16:21:29.200  INFO 8668 --- [restartedMain] o.apache.catalina.core.StandardService   : Stopping service [Tomcat]
2021-05-13 16:22:58.020  INFO 15120 --- [restartedMain] o.blakeexam.BlakeExamApplication         : Starting BlakeExamApplication on DESKTOP-TQQJQN0 with PID 15120 (started by xiong in E:\IntelliJ IDEA\project\blake-exam)
2021-05-13 16:22:58.031  INFO 15120 --- [restartedMain] o.blakeexam.BlakeExamApplication         : No active profile set, falling back to default profiles: default
2021-05-13 16:22:58.101  INFO 15120 --- [restartedMain] ConfigServletWebServerApplicationContext : Refreshing org.springframework.boot.web.servlet.context.AnnotationConfigServletWebServerApplicationContext@68d33677: startup date [Thu May 13 16:22:58 CST 2021]; root of context hierarchy
2021-05-13 16:22:59.253  INFO 15120 --- [restartedMain] .s.d.r.c.RepositoryConfigurationDelegate : Multiple Spring Data modules found, entering strict repository configuration mode!
2021-05-13 16:22:59.735  INFO 15120 --- [restartedMain] trationDelegate$BeanPostProcessorChecker : Bean 'org.springframework.transaction.annotation.ProxyTransactionManagementConfiguration' of type [org.springframework.transaction.annotation.ProxyTransactionManagementConfiguration$$EnhancerBySpringCGLIB$$1819d2df] is not eligible for getting processed by all BeanPostProcessors (for example: not eligible for auto-proxying)
2021-05-13 16:23:00.112  INFO 15120 --- [restartedMain] o.s.b.w.embedded.tomcat.TomcatWebServer  : Tomcat initialized with port(s): 8080 (http)
2021-05-13 16:23:00.135  INFO 15120 --- [restartedMain] o.apache.catalina.core.StandardService   : Starting service [Tomcat]
2021-05-13 16:23:00.136  INFO 15120 --- [restartedMain] org.apache.catalina.core.StandardEngine  : Starting Servlet Engine: Apache Tomcat/8.5.28
2021-05-13 16:23:00.140  INFO 15120 --- [localhost-startStop-1] o.a.catalina.core.AprLifecycleListener   : The APR based Apache Tomcat Native library which allows optimal performance in production environments was not found on the java.library.path: [C:\Program Files\Java\jdk1.8.0_131\bin;C:\WINDOWS\Sun\Java\bin;C:\WINDOWS\system32;C:\WINDOWS;F:\app\xiong\product\11.2.0\dbhome_1\bin;C:\WINDOWS\system32;C:\WINDOWS;C:\WINDOWS\System32\Wbem;C:\WINDOWS\System32\WindowsPowerShell\v1.0\;C:\WINDOWS\System32\OpenSSH\;C:\Program Files (x86)\Microsoft SQL Server\100\Tools\Binn\;C:\Program Files\Microsoft SQL Server\100\Tools\Binn\;C:\Program Files\Microsoft SQL Server\100\DTS\Binn\;C:\Program Files (x86)\Microsoft SQL Server\100\Tools\Binn\VSShell\Common7\IDE\;C:\Program Files (x86)\Microsoft SQL Server\100\DTS\Binn\;E:\maven\apache-maven-3.6.3\bin;E:\VisualSVN Server 3.5.6\bin;E:\TortoisesSVN\bin;C:\Program Files\Git\cmd;C:\Program Files\TortoiseGit\bin;E:\Xshell\;E:\node\;C:\Program Files\Java\jdk1.8.0_131\bin;;C:\Users\xiong\AppData\Local\Microsoft\WindowsApps;E:\VMware\SSH Secure Shell Client-3.2.9;C:\Users\xiong\AppData\Roaming\npm;.]
2021-05-13 16:23:00.247  INFO 15120 --- [localhost-startStop-1] o.a.c.c.C.[Tomcat].[localhost].[/]       : Initializing Spring embedded WebApplicationContext
2021-05-13 16:23:00.247  INFO 15120 --- [localhost-startStop-1] o.s.web.context.ContextLoader            : Root WebApplicationContext: initialization completed in 2147 ms
2021-05-13 16:23:00.803  INFO 15120 --- [localhost-startStop-1] o.s.b.w.servlet.FilterRegistrationBean   : Mapping filter: 'characterEncodingFilter' to: [/*]
2021-05-13 16:23:00.805  INFO 15120 --- [localhost-startStop-1] o.s.b.w.servlet.FilterRegistrationBean   : Mapping filter: 'sessionRepositoryFilter' to: [/*]
2021-05-13 16:23:00.805  INFO 15120 --- [localhost-startStop-1] o.s.b.w.servlet.FilterRegistrationBean   : Mapping filter: 'hiddenHttpMethodFilter' to: [/*]
2021-05-13 16:23:00.805  INFO 15120 --- [localhost-startStop-1] o.s.b.w.servlet.FilterRegistrationBean   : Mapping filter: 'httpPutFormContentFilter' to: [/*]
2021-05-13 16:23:00.805  INFO 15120 --- [localhost-startStop-1] o.s.b.w.servlet.FilterRegistrationBean   : Mapping filter: 'requestContextFilter' to: [/*]
2021-05-13 16:23:00.806  INFO 15120 --- [localhost-startStop-1] o.s.b.w.servlet.ServletRegistrationBean  : Servlet dispatcherServlet mapped to [/]
2021-05-13 16:23:00.889  INFO 15120 --- [restartedMain] com.mchange.v2.log.MLog                  : MLog clients using java 1.4+ standard logging.
2021-05-13 16:23:00.906  INFO 15120 --- [restartedMain] com.mchange.v2.c3p0.C3P0Registry         : Initializing c3p0-0.9.1.2 [built 21-May-2007 15:04:56; debug? true; trace: 10]
2021-05-13 16:23:01.571  INFO 15120 --- [restartedMain] io.lettuce.core.EpollProvider            : Starting without optional epoll library
2021-05-13 16:23:01.573  INFO 15120 --- [restartedMain] io.lettuce.core.KqueueProvider           : Starting without optional kqueue library
2021-05-13 16:23:04.256  WARN 15120 --- [restartedMain] ConfigServletWebServerApplicationContext : Exception encountered during context initialization - cancelling refresh attempt: org.springframework.beans.factory.BeanCreationException: Error creating bean with name 'enableRedisKeyspaceNotificationsInitializer' defined in class path resource [org/springframework/boot/autoconfigure/session/RedisSessionConfiguration$SpringBootRedisHttpSessionConfiguration.class]: Invocation of init method failed; nested exception is org.springframework.data.redis.RedisConnectionFailureException: Unable to connect to Redis; nested exception is io.lettuce.core.RedisConnectionException: Unable to connect to localhost:6379
2021-05-13 16:23:05.398  INFO 15120 --- [restartedMain] o.apache.catalina.core.StandardService   : Stopping service [Tomcat]
2021-05-13 16:23:45.980  INFO 13964 --- [restartedMain] o.blakeexam.BlakeExamApplication         : Starting BlakeExamApplication on DESKTOP-TQQJQN0 with PID 13964 (started by xiong in E:\IntelliJ IDEA\project\blake-exam)
2021-05-13 16:23:45.987  INFO 13964 --- [restartedMain] o.blakeexam.BlakeExamApplication         : No active profile set, falling back to default profiles: default
2021-05-13 16:23:46.058  INFO 13964 --- [restartedMain] ConfigServletWebServerApplicationContext : Refreshing org.springframework.boot.web.servlet.context.AnnotationConfigServletWebServerApplicationContext@5906ba0e: startup date [Thu May 13 16:23:46 CST 2021]; root of context hierarchy
2021-05-13 16:23:48.526  INFO 13964 --- [restartedMain] .s.d.r.c.RepositoryConfigurationDelegate : Multiple Spring Data modules found, entering strict repository configuration mode!
2021-05-13 16:23:49.687  INFO 13964 --- [restartedMain] trationDelegate$BeanPostProcessorChecker : Bean 'org.springframework.transaction.annotation.ProxyTransactionManagementConfiguration' of type [org.springframework.transaction.annotation.ProxyTransactionManagementConfiguration$$EnhancerBySpringCGLIB$$8f3af6c3] is not eligible for getting processed by all BeanPostProcessors (for example: not eligible for auto-proxying)
2021-05-13 16:23:50.817  INFO 13964 --- [restartedMain] o.s.b.w.embedded.tomcat.TomcatWebServer  : Tomcat initialized with port(s): 8080 (http)
2021-05-13 16:23:50.875  INFO 13964 --- [restartedMain] o.apache.catalina.core.StandardService   : Starting service [Tomcat]
2021-05-13 16:23:50.875  INFO 13964 --- [restartedMain] org.apache.catalina.core.StandardEngine  : Starting Servlet Engine: Apache Tomcat/8.5.28
2021-05-13 16:23:50.883  INFO 13964 --- [localhost-startStop-1] o.a.catalina.core.AprLifecycleListener   : The APR based Apache Tomcat Native library which allows optimal performance in production environments was not found on the java.library.path: [C:\Program Files\Java\jdk1.8.0_131\bin;C:\WINDOWS\Sun\Java\bin;C:\WINDOWS\system32;C:\WINDOWS;F:\app\xiong\product\11.2.0\dbhome_1\bin;C:\WINDOWS\system32;C:\WINDOWS;C:\WINDOWS\System32\Wbem;C:\WINDOWS\System32\WindowsPowerShell\v1.0\;C:\WINDOWS\System32\OpenSSH\;C:\Program Files (x86)\Microsoft SQL Server\100\Tools\Binn\;C:\Program Files\Microsoft SQL Server\100\Tools\Binn\;C:\Program Files\Microsoft SQL Server\100\DTS\Binn\;C:\Program Files (x86)\Microsoft SQL Server\100\Tools\Binn\VSShell\Common7\IDE\;C:\Program Files (x86)\Microsoft SQL Server\100\DTS\Binn\;E:\maven\apache-maven-3.6.3\bin;E:\VisualSVN Server 3.5.6\bin;E:\TortoisesSVN\bin;C:\Program Files\Git\cmd;C:\Program Files\TortoiseGit\bin;E:\Xshell\;E:\node\;C:\Program Files\Java\jdk1.8.0_131\bin;;C:\Users\xiong\AppData\Local\Microsoft\WindowsApps;E:\VMware\SSH Secure Shell Client-3.2.9;C:\Users\xiong\AppData\Roaming\npm;.]
2021-05-13 16:23:51.096  INFO 13964 --- [localhost-startStop-1] o.a.c.c.C.[Tomcat].[localhost].[/]       : Initializing Spring embedded WebApplicationContext
2021-05-13 16:23:51.097  INFO 13964 --- [localhost-startStop-1] o.s.web.context.ContextLoader            : Root WebApplicationContext: initialization completed in 5038 ms
2021-05-13 16:23:51.996  INFO 13964 --- [localhost-startStop-1] o.s.b.w.servlet.FilterRegistrationBean   : Mapping filter: 'characterEncodingFilter' to: [/*]
2021-05-13 16:23:51.997  INFO 13964 --- [localhost-startStop-1] o.s.b.w.servlet.FilterRegistrationBean   : Mapping filter: 'sessionRepositoryFilter' to: [/*]
2021-05-13 16:23:51.997  INFO 13964 --- [localhost-startStop-1] o.s.b.w.servlet.FilterRegistrationBean   : Mapping filter: 'hiddenHttpMethodFilter' to: [/*]
2021-05-13 16:23:51.998  INFO 13964 --- [localhost-startStop-1] o.s.b.w.servlet.FilterRegistrationBean   : Mapping filter: 'httpPutFormContentFilter' to: [/*]
2021-05-13 16:23:51.998  INFO 13964 --- [localhost-startStop-1] o.s.b.w.servlet.FilterRegistrationBean   : Mapping filter: 'requestContextFilter' to: [/*]
2021-05-13 16:23:51.998  INFO 13964 --- [localhost-startStop-1] o.s.b.w.servlet.ServletRegistrationBean  : Servlet dispatcherServlet mapped to [/]
2021-05-13 16:23:52.261  INFO 13964 --- [restartedMain] com.mchange.v2.log.MLog                  : MLog clients using java 1.4+ standard logging.
2021-05-13 16:23:52.295  INFO 13964 --- [restartedMain] com.mchange.v2.c3p0.C3P0Registry         : Initializing c3p0-0.9.1.2 [built 21-May-2007 15:04:56; debug? true; trace: 10]
2021-05-13 16:23:53.298  INFO 13964 --- [restartedMain] io.lettuce.core.EpollProvider            : Starting without optional epoll library
2021-05-13 16:23:53.300  INFO 13964 --- [restartedMain] io.lettuce.core.KqueueProvider           : Starting without optional kqueue library
2021-05-13 16:23:56.322  WARN 13964 --- [restartedMain] ConfigServletWebServerApplicationContext : Exception encountered during context initialization - cancelling refresh attempt: org.springframework.beans.factory.BeanCreationException: Error creating bean with name 'enableRedisKeyspaceNotificationsInitializer' defined in class path resource [org/springframework/boot/autoconfigure/session/RedisSessionConfiguration$SpringBootRedisHttpSessionConfiguration.class]: Invocation of init method failed; nested exception is org.springframework.data.redis.RedisConnectionFailureException: Unable to connect to Redis; nested exception is io.lettuce.core.RedisConnectionException: Unable to connect to localhost:6379
2021-05-13 16:23:57.457  INFO 13964 --- [restartedMain] o.apache.catalina.core.StandardService   : Stopping service [Tomcat]
2021-05-13 16:24:52.591  INFO 9600 --- [restartedMain] o.blakeexam.BlakeExamApplication         : Starting BlakeExamApplication on DESKTOP-TQQJQN0 with PID 9600 (started by xiong in E:\IntelliJ IDEA\project\blake-exam)
2021-05-13 16:24:52.595  INFO 9600 --- [restartedMain] o.blakeexam.BlakeExamApplication         : No active profile set, falling back to default profiles: default
2021-05-13 16:24:52.647  INFO 9600 --- [restartedMain] ConfigServletWebServerApplicationContext : Refreshing org.springframework.boot.web.servlet.context.AnnotationConfigServletWebServerApplicationContext@199195f8: startup date [Thu May 13 16:24:52 CST 2021]; root of context hierarchy
2021-05-13 16:24:55.019  INFO 9600 --- [restartedMain] .s.d.r.c.RepositoryConfigurationDelegate : Multiple Spring Data modules found, entering strict repository configuration mode!
2021-05-13 16:24:56.148  INFO 9600 --- [restartedMain] trationDelegate$BeanPostProcessorChecker : Bean 'org.springframework.transaction.annotation.ProxyTransactionManagementConfiguration' of type [org.springframework.transaction.annotation.ProxyTransactionManagementConfiguration$$EnhancerBySpringCGLIB$$1e311908] is not eligible for getting processed by all BeanPostProcessors (for example: not eligible for auto-proxying)
2021-05-13 16:24:57.232  INFO 9600 --- [restartedMain] o.s.b.w.embedded.tomcat.TomcatWebServer  : Tomcat initialized with port(s): 8080 (http)
2021-05-13 16:24:57.275  INFO 9600 --- [restartedMain] o.apache.catalina.core.StandardService   : Starting service [Tomcat]
2021-05-13 16:24:57.276  INFO 9600 --- [restartedMain] org.apache.catalina.core.StandardEngine  : Starting Servlet Engine: Apache Tomcat/8.5.28
2021-05-13 16:24:57.352  INFO 9600 --- [localhost-startStop-1] o.a.catalina.core.AprLifecycleListener   : The APR based Apache Tomcat Native library which allows optimal performance in production environments was not found on the java.library.path: [C:\Program Files\Java\jdk1.8.0_131\bin;C:\WINDOWS\Sun\Java\bin;C:\WINDOWS\system32;C:\WINDOWS;F:\app\xiong\product\11.2.0\dbhome_1\bin;C:\WINDOWS\system32;C:\WINDOWS;C:\WINDOWS\System32\Wbem;C:\WINDOWS\System32\WindowsPowerShell\v1.0\;C:\WINDOWS\System32\OpenSSH\;C:\Program Files (x86)\Microsoft SQL Server\100\Tools\Binn\;C:\Program Files\Microsoft SQL Server\100\Tools\Binn\;C:\Program Files\Microsoft SQL Server\100\DTS\Binn\;C:\Program Files (x86)\Microsoft SQL Server\100\Tools\Binn\VSShell\Common7\IDE\;C:\Program Files (x86)\Microsoft SQL Server\100\DTS\Binn\;E:\maven\apache-maven-3.6.3\bin;E:\VisualSVN Server 3.5.6\bin;E:\TortoisesSVN\bin;C:\Program Files\Git\cmd;C:\Program Files\TortoiseGit\bin;E:\Xshell\;E:\node\;C:\Program Files\Java\jdk1.8.0_131\bin;;C:\Users\xiong\AppData\Local\Microsoft\WindowsApps;E:\VMware\SSH Secure Shell Client-3.2.9;C:\Users\xiong\AppData\Roaming\npm;.]
2021-05-13 16:24:57.596  INFO 9600 --- [localhost-startStop-1] o.a.c.c.C.[Tomcat].[localhost].[/]       : Initializing Spring embedded WebApplicationContext
2021-05-13 16:24:57.596  INFO 9600 --- [localhost-startStop-1] o.s.web.context.ContextLoader            : Root WebApplicationContext: initialization completed in 4949 ms
2021-05-13 16:24:59.041  INFO 9600 --- [localhost-startStop-1] o.s.b.w.servlet.FilterRegistrationBean   : Mapping filter: 'characterEncodingFilter' to: [/*]
2021-05-13 16:24:59.041  INFO 9600 --- [localhost-startStop-1] o.s.b.w.servlet.FilterRegistrationBean   : Mapping filter: 'sessionRepositoryFilter' to: [/*]
2021-05-13 16:24:59.042  INFO 9600 --- [localhost-startStop-1] o.s.b.w.servlet.FilterRegistrationBean   : Mapping filter: 'hiddenHttpMethodFilter' to: [/*]
2021-05-13 16:24:59.042  INFO 9600 --- [localhost-startStop-1] o.s.b.w.servlet.FilterRegistrationBean   : Mapping filter: 'httpPutFormContentFilter' to: [/*]
2021-05-13 16:24:59.042  INFO 9600 --- [localhost-startStop-1] o.s.b.w.servlet.FilterRegistrationBean   : Mapping filter: 'requestContextFilter' to: [/*]
2021-05-13 16:24:59.042  INFO 9600 --- [localhost-startStop-1] o.s.b.w.servlet.ServletRegistrationBean  : Servlet dispatcherServlet mapped to [/]
2021-05-13 16:24:59.143  INFO 9600 --- [restartedMain] com.mchange.v2.log.MLog                  : MLog clients using java 1.4+ standard logging.
2021-05-13 16:24:59.164  INFO 9600 --- [restartedMain] com.mchange.v2.c3p0.C3P0Registry         : Initializing c3p0-0.9.1.2 [built 21-May-2007 15:04:56; debug? true; trace: 10]
2021-05-13 16:25:00.891  INFO 9600 --- [restartedMain] io.lettuce.core.EpollProvider            : Starting without optional epoll library
2021-05-13 16:25:00.895  INFO 9600 --- [restartedMain] io.lettuce.core.KqueueProvider           : Starting without optional kqueue library
2021-05-13 16:25:04.077  WARN 9600 --- [restartedMain] ConfigServletWebServerApplicationContext : Exception encountered during context initialization - cancelling refresh attempt: org.springframework.beans.factory.BeanCreationException: Error creating bean with name 'enableRedisKeyspaceNotificationsInitializer' defined in class path resource [org/springframework/boot/autoconfigure/session/RedisSessionConfiguration$SpringBootRedisHttpSessionConfiguration.class]: Invocation of init method failed; nested exception is org.springframework.data.redis.RedisConnectionFailureException: Unable to connect to Redis; nested exception is io.lettuce.core.RedisConnectionException: Unable to connect to localhost:6379
2021-05-13 16:25:05.235  INFO 9600 --- [restartedMain] o.apache.catalina.core.StandardService   : Stopping service [Tomcat]
2021-05-13 16:27:05.717  INFO 15560 --- [restartedMain] o.blakeexam.BlakeExamApplication         : Starting BlakeExamApplication on DESKTOP-TQQJQN0 with PID 15560 (started by xiong in E:\IntelliJ IDEA\project\blake-exam)
2021-05-13 16:27:05.721  INFO 15560 --- [restartedMain] o.blakeexam.BlakeExamApplication         : No active profile set, falling back to default profiles: default
2021-05-13 16:27:05.770  INFO 15560 --- [restartedMain] ConfigServletWebServerApplicationContext : Refreshing org.springframework.boot.web.servlet.context.AnnotationConfigServletWebServerApplicationContext@57e485b5: startup date [Thu May 13 16:27:05 CST 2021]; root of context hierarchy
2021-05-13 16:27:07.301  INFO 15560 --- [restartedMain] .s.d.r.c.RepositoryConfigurationDelegate : Multiple Spring Data modules found, entering strict repository configuration mode!
2021-05-13 16:27:08.215  INFO 15560 --- [restartedMain] trationDelegate$BeanPostProcessorChecker : Bean 'org.springframework.transaction.annotation.ProxyTransactionManagementConfiguration' of type [org.springframework.transaction.annotation.ProxyTransactionManagementConfiguration$$EnhancerBySpringCGLIB$$8dc540b] is not eligible for getting processed by all BeanPostProcessors (for example: not eligible for auto-proxying)
2021-05-13 16:27:08.932  INFO 15560 --- [restartedMain] o.s.b.w.embedded.tomcat.TomcatWebServer  : Tomcat initialized with port(s): 8080 (http)
2021-05-13 16:27:08.973  INFO 15560 --- [restartedMain] o.apache.catalina.core.StandardService   : Starting service [Tomcat]
2021-05-13 16:27:08.973  INFO 15560 --- [restartedMain] org.apache.catalina.core.StandardEngine  : Starting Servlet Engine: Apache Tomcat/8.5.28
2021-05-13 16:27:08.980  INFO 15560 --- [localhost-startStop-1] o.a.catalina.core.AprLifecycleListener   : The APR based Apache Tomcat Native library which allows optimal performance in production environments was not found on the java.library.path: [C:\Program Files\Java\jdk1.8.0_131\bin;C:\WINDOWS\Sun\Java\bin;C:\WINDOWS\system32;C:\WINDOWS;F:\app\xiong\product\11.2.0\dbhome_1\bin;C:\WINDOWS\system32;C:\WINDOWS;C:\WINDOWS\System32\Wbem;C:\WINDOWS\System32\WindowsPowerShell\v1.0\;C:\WINDOWS\System32\OpenSSH\;C:\Program Files (x86)\Microsoft SQL Server\100\Tools\Binn\;C:\Program Files\Microsoft SQL Server\100\Tools\Binn\;C:\Program Files\Microsoft SQL Server\100\DTS\Binn\;C:\Program Files (x86)\Microsoft SQL Server\100\Tools\Binn\VSShell\Common7\IDE\;C:\Program Files (x86)\Microsoft SQL Server\100\DTS\Binn\;E:\maven\apache-maven-3.6.3\bin;E:\VisualSVN Server 3.5.6\bin;E:\TortoisesSVN\bin;C:\Program Files\Git\cmd;C:\Program Files\TortoiseGit\bin;E:\Xshell\;E:\node\;C:\Program Files\Java\jdk1.8.0_131\bin;;C:\Users\xiong\AppData\Local\Microsoft\WindowsApps;E:\VMware\SSH Secure Shell Client-3.2.9;C:\Users\xiong\AppData\Roaming\npm;.]
2021-05-13 16:27:09.153  INFO 15560 --- [localhost-startStop-1] o.a.c.c.C.[Tomcat].[localhost].[/]       : Initializing Spring embedded WebApplicationContext
2021-05-13 16:27:09.154  INFO 15560 --- [localhost-startStop-1] o.s.web.context.ContextLoader            : Root WebApplicationContext: initialization completed in 3384 ms
2021-05-13 16:27:09.813  INFO 15560 --- [localhost-startStop-1] o.s.b.w.servlet.FilterRegistrationBean   : Mapping filter: 'characterEncodingFilter' to: [/*]
2021-05-13 16:27:09.814  INFO 15560 --- [localhost-startStop-1] o.s.b.w.servlet.FilterRegistrationBean   : Mapping filter: 'sessionRepositoryFilter' to: [/*]
2021-05-13 16:27:09.814  INFO 15560 --- [localhost-startStop-1] o.s.b.w.servlet.FilterRegistrationBean   : Mapping filter: 'hiddenHttpMethodFilter' to: [/*]
2021-05-13 16:27:09.814  INFO 15560 --- [localhost-startStop-1] o.s.b.w.servlet.FilterRegistrationBean   : Mapping filter: 'httpPutFormContentFilter' to: [/*]
2021-05-13 16:27:09.814  INFO 15560 --- [localhost-startStop-1] o.s.b.w.servlet.FilterRegistrationBean   : Mapping filter: 'requestContextFilter' to: [/*]
2021-05-13 16:27:09.814  INFO 15560 --- [localhost-startStop-1] o.s.b.w.servlet.ServletRegistrationBean  : Servlet dispatcherServlet mapped to [/]
2021-05-13 16:27:09.902  INFO 15560 --- [restartedMain] com.mchange.v2.log.MLog                  : MLog clients using java 1.4+ standard logging.
2021-05-13 16:27:09.920  INFO 15560 --- [restartedMain] com.mchange.v2.c3p0.C3P0Registry         : Initializing c3p0-0.9.1.2 [built 21-May-2007 15:04:56; debug? true; trace: 10]
2021-05-13 16:27:10.329  INFO 15560 --- [restartedMain] io.lettuce.core.EpollProvider            : Starting without optional epoll library
2021-05-13 16:27:10.330  INFO 15560 --- [restartedMain] io.lettuce.core.KqueueProvider           : Starting without optional kqueue library
2021-05-13 16:27:13.029  WARN 15560 --- [restartedMain] ConfigServletWebServerApplicationContext : Exception encountered during context initialization - cancelling refresh attempt: org.springframework.beans.factory.BeanCreationException: Error creating bean with name 'enableRedisKeyspaceNotificationsInitializer' defined in class path resource [org/springframework/session/data/redis/config/annotation/web/http/RedisHttpSessionConfiguration.class]: Invocation of init method failed; nested exception is org.springframework.data.redis.RedisConnectionFailureException: Unable to connect to Redis; nested exception is io.lettuce.core.RedisConnectionException: Unable to connect to localhost:6379
2021-05-13 16:27:14.200  INFO 15560 --- [restartedMain] o.apache.catalina.core.StandardService   : Stopping service [Tomcat]
2021-05-13 16:27:36.849  INFO 18200 --- [restartedMain] o.blakeexam.BlakeExamApplication         : Starting BlakeExamApplication on DESKTOP-TQQJQN0 with PID 18200 (started by xiong in E:\IntelliJ IDEA\project\blake-exam)
2021-05-13 16:27:36.861  INFO 18200 --- [restartedMain] o.blakeexam.BlakeExamApplication         : No active profile set, falling back to default profiles: default
2021-05-13 16:27:36.915  INFO 18200 --- [restartedMain] ConfigServletWebServerApplicationContext : Refreshing org.springframework.boot.web.servlet.context.AnnotationConfigServletWebServerApplicationContext@44fe688a: startup date [Thu May 13 16:27:36 CST 2021]; root of context hierarchy
2021-05-13 16:27:37.992  INFO 18200 --- [restartedMain] .s.d.r.c.RepositoryConfigurationDelegate : Multiple Spring Data modules found, entering strict repository configuration mode!
2021-05-13 16:27:38.476  INFO 18200 --- [restartedMain] trationDelegate$BeanPostProcessorChecker : Bean 'org.springframework.transaction.annotation.ProxyTransactionManagementConfiguration' of type [org.springframework.transaction.annotation.ProxyTransactionManagementConfiguration$$EnhancerBySpringCGLIB$$c7368eab] is not eligible for getting processed by all BeanPostProcessors (for example: not eligible for auto-proxying)
2021-05-13 16:27:38.818  INFO 18200 --- [restartedMain] o.s.b.w.embedded.tomcat.TomcatWebServer  : Tomcat initialized with port(s): 8080 (http)
2021-05-13 16:27:38.838  INFO 18200 --- [restartedMain] o.apache.catalina.core.StandardService   : Starting service [Tomcat]
2021-05-13 16:27:38.839  INFO 18200 --- [restartedMain] org.apache.catalina.core.StandardEngine  : Starting Servlet Engine: Apache Tomcat/8.5.28
2021-05-13 16:27:38.843  INFO 18200 --- [localhost-startStop-1] o.a.catalina.core.AprLifecycleListener   : The APR based Apache Tomcat Native library which allows optimal performance in production environments was not found on the java.library.path: [C:\Program Files\Java\jdk1.8.0_131\bin;C:\WINDOWS\Sun\Java\bin;C:\WINDOWS\system32;C:\WINDOWS;F:\app\xiong\product\11.2.0\dbhome_1\bin;C:\WINDOWS\system32;C:\WINDOWS;C:\WINDOWS\System32\Wbem;C:\WINDOWS\System32\WindowsPowerShell\v1.0\;C:\WINDOWS\System32\OpenSSH\;C:\Program Files (x86)\Microsoft SQL Server\100\Tools\Binn\;C:\Program Files\Microsoft SQL Server\100\Tools\Binn\;C:\Program Files\Microsoft SQL Server\100\DTS\Binn\;C:\Program Files (x86)\Microsoft SQL Server\100\Tools\Binn\VSShell\Common7\IDE\;C:\Program Files (x86)\Microsoft SQL Server\100\DTS\Binn\;E:\maven\apache-maven-3.6.3\bin;E:\VisualSVN Server 3.5.6\bin;E:\TortoisesSVN\bin;C:\Program Files\Git\cmd;C:\Program Files\TortoiseGit\bin;E:\Xshell\;E:\node\;C:\Program Files\Java\jdk1.8.0_131\bin;;C:\Users\xiong\AppData\Local\Microsoft\WindowsApps;E:\VMware\SSH Secure Shell Client-3.2.9;C:\Users\xiong\AppData\Roaming\npm;.]
2021-05-13 16:27:38.952  INFO 18200 --- [localhost-startStop-1] o.a.c.c.C.[Tomcat].[localhost].[/]       : Initializing Spring embedded WebApplicationContext
2021-05-13 16:27:38.952  INFO 18200 --- [localhost-startStop-1] o.s.web.context.ContextLoader            : Root WebApplicationContext: initialization completed in 2037 ms
2021-05-13 16:27:39.402  INFO 18200 --- [localhost-startStop-1] o.s.b.w.servlet.FilterRegistrationBean   : Mapping filter: 'characterEncodingFilter' to: [/*]
2021-05-13 16:27:39.403  INFO 18200 --- [localhost-startStop-1] o.s.b.w.servlet.FilterRegistrationBean   : Mapping filter: 'sessionRepositoryFilter' to: [/*]
2021-05-13 16:27:39.404  INFO 18200 --- [localhost-startStop-1] o.s.b.w.servlet.FilterRegistrationBean   : Mapping filter: 'hiddenHttpMethodFilter' to: [/*]
2021-05-13 16:27:39.404  INFO 18200 --- [localhost-startStop-1] o.s.b.w.servlet.FilterRegistrationBean   : Mapping filter: 'httpPutFormContentFilter' to: [/*]
2021-05-13 16:27:39.404  INFO 18200 --- [localhost-startStop-1] o.s.b.w.servlet.FilterRegistrationBean   : Mapping filter: 'requestContextFilter' to: [/*]
2021-05-13 16:27:39.404  INFO 18200 --- [localhost-startStop-1] o.s.b.w.servlet.ServletRegistrationBean  : Servlet dispatcherServlet mapped to [/]
2021-05-13 16:27:39.492  INFO 18200 --- [restartedMain] com.mchange.v2.log.MLog                  : MLog clients using java 1.4+ standard logging.
2021-05-13 16:27:39.508  INFO 18200 --- [restartedMain] com.mchange.v2.c3p0.C3P0Registry         : Initializing c3p0-0.9.1.2 [built 21-May-2007 15:04:56; debug? true; trace: 10]
2021-05-13 16:27:39.921  INFO 18200 --- [restartedMain] io.lettuce.core.EpollProvider            : Starting without optional epoll library
2021-05-13 16:27:39.923  INFO 18200 --- [restartedMain] io.lettuce.core.KqueueProvider           : Starting without optional kqueue library
2021-05-13 16:27:40.986  INFO 18200 --- [restartedMain] s.w.s.m.m.a.RequestMappingHandlerAdapter : Looking for @ControllerAdvice: org.springframework.boot.web.servlet.context.AnnotationConfigServletWebServerApplicationContext@44fe688a: startup date [Thu May 13 16:27:36 CST 2021]; root of context hierarchy
2021-05-13 16:27:41.046  INFO 18200 --- [restartedMain] s.w.s.m.m.a.RequestMappingHandlerMapping : Mapped "{[/account/profile],methods=[GET]}" onto public java.lang.String onlineexam.blakeexam.controller.AccountController.profile(javax.servlet.http.HttpServletRequest,org.springframework.ui.Model)
2021-05-13 16:27:41.047  INFO 18200 --- [restartedMain] s.w.s.m.m.a.RequestMappingHandlerMapping : Mapped "{[/account/api/addAccount],methods=[POST]}" onto public onlineexam.blakeexam.dto.AjaxResult onlineexam.blakeexam.controller.AccountController.addAccount(onlineexam.blakeexam.entity.Account)
2021-05-13 16:27:41.048  INFO 18200 --- [restartedMain] s.w.s.m.m.a.RequestMappingHandlerMapping : Mapped "{[/account/password],methods=[GET]}" onto public java.lang.String onlineexam.blakeexam.controller.AccountController.password(javax.servlet.http.HttpServletRequest,org.springframework.ui.Model)
2021-05-13 16:27:41.048  INFO 18200 --- [restartedMain] s.w.s.m.m.a.RequestMappingHandlerMapping : Mapped "{[/account/api/login],methods=[POST]}" onto public onlineexam.blakeexam.dto.AjaxResult onlineexam.blakeexam.controller.AccountController.login(javax.servlet.http.HttpServletRequest,javax.servlet.http.HttpServletResponse)
2021-05-13 16:27:41.048  INFO 18200 --- [restartedMain] s.w.s.m.m.a.RequestMappingHandlerMapping : Mapped "{[/account/api/deleteAccount/{id}],methods=[DELETE]}" onto public onlineexam.blakeexam.dto.AjaxResult onlineexam.blakeexam.controller.AccountController.deleteAccount(int)
2021-05-13 16:27:41.048  INFO 18200 --- [restartedMain] s.w.s.m.m.a.RequestMappingHandlerMapping : Mapped "{[/account/logout],methods=[GET]}" onto public java.lang.String onlineexam.blakeexam.controller.AccountController.logout(javax.servlet.http.HttpServletRequest)
2021-05-13 16:27:41.049  INFO 18200 --- [restartedMain] s.w.s.m.m.a.RequestMappingHandlerMapping : Mapped "{[/account/api/addAccounts],methods=[POST]}" onto public onlineexam.blakeexam.dto.AjaxResult onlineexam.blakeexam.controller.AccountController.addAccounts(javax.servlet.http.HttpServletRequest,org.springframework.web.multipart.MultipartFile) throws java.lang.Exception
2021-05-13 16:27:41.049  INFO 18200 --- [restartedMain] s.w.s.m.m.a.RequestMappingHandlerMapping : Mapped "{[/account/api/updateManegeAccount],methods=[POST]}" onto public onlineexam.blakeexam.dto.AjaxResult onlineexam.blakeexam.controller.AccountController.updateAccount(onlineexam.blakeexam.entity.Account)
2021-05-13 16:27:41.049  INFO 18200 --- [restartedMain] s.w.s.m.m.a.RequestMappingHandlerMapping : Mapped "{[/account/api/updateAccount],methods=[POST]}" onto public onlineexam.blakeexam.dto.AjaxResult onlineexam.blakeexam.controller.AccountController.updateAccount(javax.servlet.http.HttpServletRequest,javax.servlet.http.HttpServletResponse)
2021-05-13 16:27:41.050  INFO 18200 --- [restartedMain] s.w.s.m.m.a.RequestMappingHandlerMapping : Mapped "{[/account/api/updatePassword],methods=[POST]}" onto public onlineexam.blakeexam.dto.AjaxResult onlineexam.blakeexam.controller.AccountController.updatePassword(javax.servlet.http.HttpServletRequest,javax.servlet.http.HttpServletResponse)
2021-05-13 16:27:41.050  INFO 18200 --- [restartedMain] s.w.s.m.m.a.RequestMappingHandlerMapping : Mapped "{[/account/myExam],methods=[GET]}" onto public java.lang.String onlineexam.blakeexam.controller.AccountController.myExam(javax.servlet.http.HttpServletRequest,int,org.springframework.ui.Model)
2021-05-13 16:27:41.051  INFO 18200 --- [restartedMain] s.w.s.m.m.a.RequestMappingHandlerMapping : Mapped "{[/account/api/uploadAvatar],methods=[POST]}" onto public java.util.Map<java.lang.String, java.lang.Object> onlineexam.blakeexam.controller.AccountController.uploadAvatar(javax.servlet.http.HttpServletRequest,org.springframework.web.multipart.MultipartFile) throws java.lang.IllegalStateException,java.io.IOException
2021-05-13 16:27:41.051  INFO 18200 --- [restartedMain] s.w.s.m.m.a.RequestMappingHandlerMapping : Mapped "{[/account/export],produces=[application/octet-stream]}" onto public void onlineexam.blakeexam.controller.AccountController.downLoad(javax.servlet.http.HttpServletRequest,javax.servlet.http.HttpServletResponse) throws java.lang.Exception
2021-05-13 16:27:41.051  INFO 18200 --- [restartedMain] s.w.s.m.m.a.RequestMappingHandlerMapping : Mapped "{[/account/api/disabledAccount/{id}],methods=[POST]}" onto public onlineexam.blakeexam.dto.AjaxResult onlineexam.blakeexam.controller.AccountController.disabledAccount(int)
2021-05-13 16:27:41.052  INFO 18200 --- [restartedMain] s.w.s.m.m.a.RequestMappingHandlerMapping : Mapped "{[/account/api/abledAccount/{id}],methods=[POST]}" onto public onlineexam.blakeexam.dto.AjaxResult onlineexam.blakeexam.controller.AccountController.abledAccount(int)
2021-05-13 16:27:41.054  INFO 18200 --- [restartedMain] s.w.s.m.m.a.RequestMappingHandlerMapping : Mapped "{[/contest/export/{contestId}],produces=[application/octet-stream]}" onto public void onlineexam.blakeexam.controller.ContestController.export(int,javax.servlet.http.HttpServletRequest,javax.servlet.http.HttpServletResponse) throws java.lang.Exception
2021-05-13 16:27:41.055  INFO 18200 --- [restartedMain] s.w.s.m.m.a.RequestMappingHandlerMapping : Mapped "{[/contest/{contestId}/deleteProblem/{id}],methods=[DELETE]}" onto public onlineexam.blakeexam.dto.AjaxResult onlineexam.blakeexam.controller.ContestController.deletePaperProblem(int,int)
2021-05-13 16:27:41.055  INFO 18200 --- [restartedMain] s.w.s.m.m.a.RequestMappingHandlerMapping : Mapped "{[/contest/api/deleteContest/{id}],methods=[DELETE]}" onto public onlineexam.blakeexam.dto.AjaxResult onlineexam.blakeexam.controller.ContestController.deleteContest(int)
2021-05-13 16:27:41.056  INFO 18200 --- [restartedMain] s.w.s.m.m.a.RequestMappingHandlerMapping : Mapped "{[/contest/{id}/api/manualPaper],methods=[POST]}" onto public onlineexam.blakeexam.dto.AjaxResult onlineexam.blakeexam.controller.ContestController.manualPaper(int,onlineexam.blakeexam.util.ManulPaper)
2021-05-13 16:27:41.056  INFO 18200 --- [restartedMain] s.w.s.m.m.a.RequestMappingHandlerMapping : Mapped "{[/contest/api/addContest],methods=[POST]}" onto public onlineexam.blakeexam.dto.AjaxResult onlineexam.blakeexam.controller.ContestController.addContest(onlineexam.blakeexam.entity.Contest)
2021-05-13 16:27:41.056  INFO 18200 --- [restartedMain] s.w.s.m.m.a.RequestMappingHandlerMapping : Mapped "{[/contest/api/finishContest/{id}],methods=[POST]}" onto public onlineexam.blakeexam.dto.AjaxResult onlineexam.blakeexam.controller.ContestController.finishContest(int)
2021-05-13 16:27:41.057  INFO 18200 --- [restartedMain] s.w.s.m.m.a.RequestMappingHandlerMapping : Mapped "{[/contest/{id}/api/autoPaper],methods=[POST]}" onto public onlineexam.blakeexam.dto.AjaxResult onlineexam.blakeexam.controller.ContestController.autoPaper(int,onlineexam.blakeexam.util.AutoPaper)
2021-05-13 16:27:41.057  INFO 18200 --- [restartedMain] s.w.s.m.m.a.RequestMappingHandlerMapping : Mapped "{[/contest/api/updateContest],methods=[POST]}" onto public onlineexam.blakeexam.dto.AjaxResult onlineexam.blakeexam.controller.ContestController.updateContest(onlineexam.blakeexam.entity.Contest)
2021-05-13 16:27:41.059  INFO 18200 --- [restartedMain] s.w.s.m.m.a.RequestMappingHandlerMapping : Mapped "{[/time/now],methods=[GET]}" onto public onlineexam.blakeexam.dto.AjaxResult onlineexam.blakeexam.controller.DefaultController.time()
2021-05-13 16:27:41.059  INFO 18200 --- [restartedMain] s.w.s.m.m.a.RequestMappingHandlerMapping : Mapped "{[/uid],methods=[GET]}" onto public onlineexam.blakeexam.dto.AjaxResult onlineexam.blakeexam.controller.DefaultController.uid(javax.servlet.http.HttpSession)
2021-05-13 16:27:41.059  INFO 18200 --- [restartedMain] s.w.s.m.m.a.RequestMappingHandlerMapping : Mapped "{[/],methods=[GET]}" onto public java.lang.String onlineexam.blakeexam.controller.DefaultController.home(javax.servlet.http.HttpServletRequest,org.springframework.ui.Model)
2021-05-13 16:27:41.059  INFO 18200 --- [restartedMain] s.w.s.m.m.a.RequestMappingHandlerMapping : Mapped "{[/contest/index],methods=[GET]}" onto public java.lang.String onlineexam.blakeexam.controller.DefaultController.contestIndex(javax.servlet.http.HttpServletRequest,int,org.springframework.ui.Model)
2021-05-13 16:27:41.060  INFO 18200 --- [restartedMain] s.w.s.m.m.a.RequestMappingHandlerMapping : Mapped "{[/problemset/{problemsetId}/problem/{problemId}],methods=[GET]}" onto public java.lang.String onlineexam.blakeexam.controller.DefaultController.problemDetail(javax.servlet.http.HttpServletRequest,java.lang.Integer,java.lang.Integer,org.springframework.ui.Model)
2021-05-13 16:27:41.060  INFO 18200 --- [restartedMain] s.w.s.m.m.a.RequestMappingHandlerMapping : Mapped "{[/problemset/list],methods=[GET]}" onto public java.lang.String onlineexam.blakeexam.controller.DefaultController.problemSet(javax.servlet.http.HttpServletRequest,int,org.springframework.ui.Model)
2021-05-13 16:27:41.060  INFO 18200 --- [restartedMain] s.w.s.m.m.a.RequestMappingHandlerMapping : Mapped "{[/mycontest/list]}" onto public java.lang.String onlineexam.blakeexam.controller.DefaultController.myContest(javax.servlet.http.HttpServletRequest,int,org.springframework.ui.Model)
2021-05-13 16:27:41.060  INFO 18200 --- [restartedMain] s.w.s.m.m.a.RequestMappingHandlerMapping : Mapped "{[/contest/{contestId}],methods=[GET]}" onto public java.lang.String onlineexam.blakeexam.controller.DefaultController.contestDetail(javax.servlet.http.HttpServletRequest,int,org.springframework.ui.Model)
2021-05-13 16:27:41.061  INFO 18200 --- [restartedMain] s.w.s.m.m.a.RequestMappingHandlerMapping : Mapped "{[/problemset/{problemsetId}/problems],methods=[GET]}" onto public java.lang.String onlineexam.blakeexam.controller.DefaultController.problemList(javax.servlet.http.HttpServletRequest,int,java.lang.String,int,java.lang.Integer,org.springframework.ui.Model)
2021-05-13 16:27:41.061  INFO 18200 --- [restartedMain] s.w.s.m.m.a.RequestMappingHandlerMapping : Mapped "{[/mycontest/joincontest]}" onto public java.lang.String onlineexam.blakeexam.controller.DefaultController.enterContest(javax.servlet.http.HttpServletRequest,int,org.springframework.ui.Model)
2021-05-13 16:27:41.062  INFO 18200 --- [restartedMain] s.w.s.m.m.a.RequestMappingHandlerMapping : Mapped "{[/grade/api/finishGrade],methods=[POST]}" onto public onlineexam.blakeexam.dto.AjaxResult onlineexam.blakeexam.controller.GradeController.finishGrade(onlineexam.blakeexam.entity.Grade)
2021-05-13 16:27:41.062  INFO 18200 --- [restartedMain] s.w.s.m.m.a.RequestMappingHandlerMapping : Mapped "{[/grade/api/submitContest],methods=[POST]}" onto public onlineexam.blakeexam.dto.AjaxResult onlineexam.blakeexam.controller.GradeController.submitContest(javax.servlet.http.HttpServletRequest,onlineexam.blakeexam.entity.Grade)
2021-05-13 16:27:41.064  INFO 18200 --- [restartedMain] s.w.s.m.m.a.RequestMappingHandlerMapping : Mapped "{[/manage/result/contest/list],methods=[GET]}" onto public java.lang.String onlineexam.blakeexam.controller.ManageController.resultContestList(javax.servlet.http.HttpServletRequest,int,org.springframework.ui.Model)
2021-05-13 16:27:41.064  INFO 18200 --- [restartedMain] s.w.s.m.m.a.RequestMappingHandlerMapping : Mapped "{[/manage/result/contest/{contestId}/list],methods=[GET]}" onto public java.lang.String onlineexam.blakeexam.controller.ManageController.resultStudentList(javax.servlet.http.HttpServletRequest,int,int,org.springframework.ui.Model)
2021-05-13 16:27:41.065  INFO 18200 --- [restartedMain] s.w.s.m.m.a.RequestMappingHandlerMapping : Mapped "{[/manage/contest/{contestId}/problems],methods=[GET]}" onto public java.lang.String onlineexam.blakeexam.controller.ManageController.contestProblemList(javax.servlet.http.HttpServletRequest,java.lang.Integer,org.springframework.ui.Model)
2021-05-13 16:27:41.065  INFO 18200 --- [restartedMain] s.w.s.m.m.a.RequestMappingHandlerMapping : Mapped "{[/manage/login],methods=[GET]}" onto public java.lang.String onlineexam.blakeexam.controller.ManageController.login(javax.servlet.http.HttpServletRequest,org.springframework.ui.Model)
2021-05-13 16:27:41.065  INFO 18200 --- [restartedMain] s.w.s.m.m.a.RequestMappingHandlerMapping : Mapped "{[/manage/contest/list],methods=[GET]}" onto public java.lang.String onlineexam.blakeexam.controller.ManageController.contestList(javax.servlet.http.HttpServletRequest,int,org.springframework.ui.Model)
2021-05-13 16:27:41.065  INFO 18200 --- [restartedMain] s.w.s.m.m.a.RequestMappingHandlerMapping : Mapped "{[/manage/account/list],methods=[GET]}" onto public java.lang.String onlineexam.blakeexam.controller.ManageController.accountList(javax.servlet.http.HttpServletRequest,int,org.springframework.ui.Model)
2021-05-13 16:27:41.066  INFO 18200 --- [restartedMain] s.w.s.m.m.a.RequestMappingHandlerMapping : Mapped "{[/manage/contest/{contestId}/paperDetail]}" onto public java.lang.String onlineexam.blakeexam.controller.ManageController.paperDetail(javax.servlet.http.HttpServletRequest,java.lang.Integer,org.springframework.ui.Model)
2021-05-13 16:27:41.066  INFO 18200 --- [restartedMain] s.w.s.m.m.a.RequestMappingHandlerMapping : Mapped "{[/manage/subject/list],methods=[GET]}" onto public java.lang.String onlineexam.blakeexam.controller.ManageController.subjectList(javax.servlet.http.HttpServletRequest,int,org.springframework.ui.Model)
2021-05-13 16:27:41.067  INFO 18200 --- [restartedMain] s.w.s.m.m.a.RequestMappingHandlerMapping : Mapped "{[/manage/question/list],methods=[GET]}" onto public java.lang.String onlineexam.blakeexam.controller.ManageController.questionList(javax.servlet.http.HttpServletRequest,int,java.lang.String,org.springframework.ui.Model)
2021-05-13 16:27:41.067  INFO 18200 --- [restartedMain] s.w.s.m.m.a.RequestMappingHandlerMapping : Mapped "{[/mycontest/api/join],methods=[POST]}" onto public onlineexam.blakeexam.dto.AjaxResult onlineexam.blakeexam.controller.MyClassController.insertContest(onlineexam.blakeexam.entity.MyClass)
2021-05-13 16:27:41.068  INFO 18200 --- [restartedMain] s.w.s.m.m.a.RequestMappingHandlerMapping : Mapped "{[/mycontest/api/out/{id}],methods=[DELETE]}" onto public onlineexam.blakeexam.dto.AjaxResult onlineexam.blakeexam.controller.MyClassController.deleteMyContest(int)
2021-05-13 16:27:41.069  INFO 18200 --- [restartedMain] s.w.s.m.m.a.RequestMappingHandlerMapping : Mapped "{[/question/export],produces=[application/octet-stream]}" onto public void onlineexam.blakeexam.controller.QuestionController.downLoad(javax.servlet.http.HttpServletRequest,javax.servlet.http.HttpServletResponse) throws java.lang.Exception
2021-05-13 16:27:41.069  INFO 18200 --- [restartedMain] s.w.s.m.m.a.RequestMappingHandlerMapping : Mapped "{[/question/api/deleteQuestion/{id}]}" onto public onlineexam.blakeexam.dto.AjaxResult onlineexam.blakeexam.controller.QuestionController.deleteQuestion(int)
2021-05-13 16:27:41.069  INFO 18200 --- [restartedMain] s.w.s.m.m.a.RequestMappingHandlerMapping : Mapped "{[/question/api/addQuestion],methods=[POST]}" onto public onlineexam.blakeexam.dto.AjaxResult onlineexam.blakeexam.controller.QuestionController.addQuestion(onlineexam.blakeexam.entity.Question)
2021-05-13 16:27:41.069  INFO 18200 --- [restartedMain] s.w.s.m.m.a.RequestMappingHandlerMapping : Mapped "{[/question/api/addQuestions],methods=[POST]}" onto public onlineexam.blakeexam.dto.AjaxResult onlineexam.blakeexam.controller.QuestionController.addQuestions(org.springframework.web.multipart.MultipartFile,int)
2021-05-13 16:27:41.070  INFO 18200 --- [restartedMain] s.w.s.m.m.a.RequestMappingHandlerMapping : Mapped "{[/question/api/updateQuestion],methods=[POST]}" onto public onlineexam.blakeexam.dto.AjaxResult onlineexam.blakeexam.controller.QuestionController.updateQuestion(onlineexam.blakeexam.entity.Question)
2021-05-13 16:27:41.071  INFO 18200 --- [restartedMain] s.w.s.m.m.a.RequestMappingHandlerMapping : Mapped "{[/subject/api/updateSubject],methods=[POST]}" onto public onlineexam.blakeexam.dto.AjaxResult onlineexam.blakeexam.controller.SubjectController.updateSubject(onlineexam.blakeexam.entity.Subject)
2021-05-13 16:27:41.071  INFO 18200 --- [restartedMain] s.w.s.m.m.a.RequestMappingHandlerMapping : Mapped "{[/subject/api/addSubject],methods=[POST]}" onto public onlineexam.blakeexam.dto.AjaxResult onlineexam.blakeexam.controller.SubjectController.addSubject(onlineexam.blakeexam.entity.Subject)
2021-05-13 16:27:41.072  INFO 18200 --- [restartedMain] s.w.s.m.m.a.RequestMappingHandlerMapping : Mapped "{[/subject/api/deleteSubject/{id}],methods=[DELETE]}" onto public onlineexam.blakeexam.dto.AjaxResult onlineexam.blakeexam.controller.SubjectController.deleteSubject(int)
2021-05-13 16:27:41.074  INFO 18200 --- [restartedMain] s.w.s.m.m.a.RequestMappingHandlerMapping : Mapped "{[/error]}" onto public org.springframework.http.ResponseEntity<java.util.Map<java.lang.String, java.lang.Object>> org.springframework.boot.autoconfigure.web.servlet.error.BasicErrorController.error(javax.servlet.http.HttpServletRequest)
2021-05-13 16:27:41.075  INFO 18200 --- [restartedMain] s.w.s.m.m.a.RequestMappingHandlerMapping : Mapped "{[/error],produces=[text/html]}" onto public org.springframework.web.servlet.ModelAndView org.springframework.boot.autoconfigure.web.servlet.error.BasicErrorController.errorHtml(javax.servlet.http.HttpServletRequest,javax.servlet.http.HttpServletResponse)
2021-05-13 16:27:41.110  INFO 18200 --- [restartedMain] o.s.w.s.handler.SimpleUrlHandlerMapping  : Mapped URL path [/upload/**] onto handler of type [class org.springframework.web.servlet.resource.ResourceHttpRequestHandler]
2021-05-13 16:27:41.110  INFO 18200 --- [restartedMain] o.s.w.s.handler.SimpleUrlHandlerMapping  : Mapped URL path [/webjars/**] onto handler of type [class org.springframework.web.servlet.resource.ResourceHttpRequestHandler]
2021-05-13 16:27:41.110  INFO 18200 --- [restartedMain] o.s.w.s.handler.SimpleUrlHandlerMapping  : Mapped URL path [/**] onto handler of type [class org.springframework.web.servlet.resource.ResourceHttpRequestHandler]
2021-05-13 16:27:41.149  INFO 18200 --- [restartedMain] o.s.w.s.handler.SimpleUrlHandlerMapping  : Mapped URL path [/**/favicon.ico] onto handler of type [class org.springframework.web.servlet.resource.ResourceHttpRequestHandler]
2021-05-13 16:27:41.540  INFO 18200 --- [restartedMain] o.s.b.d.a.OptionalLiveReloadServer       : LiveReload server is running on port 35729
2021-05-13 16:27:41.605  INFO 18200 --- [restartedMain] o.s.j.e.a.AnnotationMBeanExporter        : Registering beans for JMX exposure on startup
2021-05-13 16:27:41.617  INFO 18200 --- [restartedMain] o.s.c.support.DefaultLifecycleProcessor  : Starting beans in phase 2147483647
2021-05-13 16:27:41.668  INFO 18200 --- [restartedMain] s.a.ScheduledAnnotationBeanPostProcessor : No TaskScheduler/ScheduledExecutorService bean found for scheduled processing
2021-05-13 16:27:41.690  INFO 18200 --- [restartedMain] o.s.b.w.embedded.tomcat.TomcatWebServer  : Tomcat started on port(s): 8080 (http) with context path ''
2021-05-13 16:27:41.693  INFO 18200 --- [restartedMain] o.blakeexam.BlakeExamApplication         : Started BlakeExamApplication in 5.301 seconds (JVM running for 6.471)
